[2cc4:000a][2022-08-22T15:30:03] Using cached package manifest as the embedded manifest
[2cc4:000a][2022-08-22T15:30:03] Processing file /Contents/MSBuild/Microsoft/VisualStudio/v17.0/Windows Azure Tools/2.9/Microsoft.VisualStudio.WindowsAzure.Tasks.Host.2.9.dll
[2cc4:000a][2022-08-22T15:30:03] C:\Program Files\Microsoft Visual Studio\2022\Community\MSBuild\Microsoft\VisualStudio\v17.0\Windows Azure Tools\2.9\Microsoft.VisualStudio.WindowsAzure.Tasks.Host.2.9.dll file deleted.
[2cc4:000a][2022-08-22T15:30:03] Processing file /Contents/MSBuild/Microsoft/VisualStudio/v17.0/Windows Azure Tools/2.9/Microsoft.WindowsAzure.targets
[2cc4:000a][2022-08-22T15:30:03] C:\Program Files\Microsoft Visual Studio\2022\Community\MSBuild\Microsoft\VisualStudio\v17.0\Windows Azure Tools\2.9\Microsoft.WindowsAzure.targets file deleted.
[2cc4:000a][2022-08-22T15:30:03] Processing file /Contents/MSBuild/Microsoft/VisualStudio/v17.0/Windows Azure Tools/2.9/Microsoft.VisualStudio.WindowsAzure.Tasks.2.9.dll
[2cc4:000a][2022-08-22T15:30:03] C:\Program Files\Microsoft Visual Studio\2022\Community\MSBuild\Microsoft\VisualStudio\v17.0\Windows Azure Tools\2.9\Microsoft.VisualStudio.WindowsAzure.Tasks.2.9.dll file deleted.
[2cc4:000a][2022-08-22T15:30:03] Processing file /Contents/MSBuild/Microsoft/VisualStudio/v17.0/Windows Azure Tools/2.9/ImportAfter/Microsoft.WindowsAzure.RemoteDebugger.targets
[2cc4:000a][2022-08-22T15:30:03] C:\Program Files\Microsoft Visual Studio\2022\Community\MSBuild\Microsoft\VisualStudio\v17.0\Windows Azure Tools\2.9\ImportAfter\Microsoft.WindowsAzure.RemoteDebugger.targets file deleted.
[2cc4:000a][2022-08-22T15:30:03] Processing file /Contents/Microsoft Azure Tools/Visual Studio 17.0/2.9/RemoteDebuggerConnector/RemoteDebuggerConnector.csplugin
[2cc4:000a][2022-08-22T15:30:03] C:\Program Files\Microsoft Visual Studio\2022\Community\Microsoft Azure Tools\Visual Studio 17.0\2.9\RemoteDebuggerConnector\RemoteDebuggerConnector.csplugin file deleted.
[2cc4:000a][2022-08-22T15:30:03] Processing file /Contents/Microsoft Azure Tools/Visual Studio 17.0/2.9/RemoteDebuggerConnector/Connector/Microsoft.VisualStudio.WindowsAzure.RemoteDebugger.Connector.Core.dll
[2cc4:000a][2022-08-22T15:30:03] C:\Program Files\Microsoft Visual Studio\2022\Community\Microsoft Azure Tools\Visual Studio 17.0\2.9\RemoteDebuggerConnector\Connector\Microsoft.VisualStudio.WindowsAzure.RemoteDebugger.Connector.Core.dll file deleted.
[2cc4:000a][2022-08-22T15:30:03] Processing file /Contents/Microsoft Azure Tools/Visual Studio 17.0/2.9/RemoteDebuggerConnector/Connector/Microsoft.VisualStudio.WindowsAzure.RemoteDebugger.Connector.exe
[2cc4:000a][2022-08-22T15:30:03] C:\Program Files\Microsoft Visual Studio\2022\Community\Microsoft Azure Tools\Visual Studio 17.0\2.9\RemoteDebuggerConnector\Connector\Microsoft.VisualStudio.WindowsAzure.RemoteDebugger.Connector.exe file deleted.
[2cc4:000a][2022-08-22T15:30:03] Processing file /Contents/Microsoft Azure Tools/Visual Studio 17.0/2.9/RemoteDebuggerConnector/Connector/Microsoft.VisualStudio.WindowsAzure.RemoteDebugger.Connector.exe.config
[2cc4:000a][2022-08-22T15:30:03] C:\Program Files\Microsoft Visual Studio\2022\Community\Microsoft Azure Tools\Visual Studio 17.0\2.9\RemoteDebuggerConnector\Connector\Microsoft.VisualStudio.WindowsAzure.RemoteDebugger.Connector.exe.config file deleted.
[2cc4:000a][2022-08-22T15:30:03] Processing file /Contents/Microsoft Azure Tools/Visual Studio 17.0/2.9/RemoteDebuggerConnector/Connector/Microsoft.VisualStudio.WindowsAzure.RemoteDebugger.Contract.dll
[2cc4:000a][2022-08-22T15:30:03] C:\Program Files\Microsoft Visual Studio\2022\Community\Microsoft Azure Tools\Visual Studio 17.0\2.9\RemoteDebuggerConnector\Connector\Microsoft.VisualStudio.WindowsAzure.RemoteDebugger.Contract.dll file deleted.
[2cc4:000a][2022-08-22T15:30:03] Processing file /Contents/Microsoft Azure Tools/Visual Studio 17.0/2.9/VsDiagnostics/collectionplan.xml
[2cc4:000a][2022-08-22T15:30:03] C:\Program Files\Microsoft Visual Studio\2022\Community\Microsoft Azure Tools\Visual Studio 17.0\2.9\VsDiagnostics\collectionplan.xml file deleted.
[2cc4:000a][2022-08-22T15:30:03] Processing file /Contents/Microsoft Azure Tools/Visual Studio 17.0/2.9/VsDiagnostics/IntelliTrace.csplugin
[2cc4:000a][2022-08-22T15:30:03] C:\Program Files\Microsoft Visual Studio\2022\Community\Microsoft Azure Tools\Visual Studio 17.0\2.9\VsDiagnostics\IntelliTrace.csplugin file deleted.
[2cc4:000a][2022-08-22T15:30:03] Processing file /Contents/Microsoft Azure Tools/Visual Studio 17.0/2.9/VsDiagnostics/Profiling.csplugin
[2cc4:000a][2022-08-22T15:30:03] C:\Program Files\Microsoft Visual Studio\2022\Community\Microsoft Azure Tools\Visual Studio 17.0\2.9\VsDiagnostics\Profiling.csplugin file deleted.
[2cc4:000a][2022-08-22T15:30:03] Processing file /Contents/Microsoft Azure Tools/Visual Studio 17.0/2.9/VsDiagnostics/Microsoft.VisualStudio.WindowsAzure.Diagnostics.Agent.dll
[2cc4:000a][2022-08-22T15:30:03] C:\Program Files\Microsoft Visual Studio\2022\Community\Microsoft Azure Tools\Visual Studio 17.0\2.9\VsDiagnostics\Microsoft.VisualStudio.WindowsAzure.Diagnostics.Agent.dll file deleted.
[2cc4:000a][2022-08-22T15:30:03] Processing file /Contents/Microsoft Azure Tools/Visual Studio 17.0/2.9/VsDiagnostics/Microsoft.VisualStudio.WindowsAzure.Diagnostics.dll
[2cc4:000a][2022-08-22T15:30:03] C:\Program Files\Microsoft Visual Studio\2022\Community\Microsoft Azure Tools\Visual Studio 17.0\2.9\VsDiagnostics\Microsoft.VisualStudio.WindowsAzure.Diagnostics.dll file deleted.
[2cc4:000a][2022-08-22T15:30:03] Processing file /Contents/Microsoft Azure Tools/Visual Studio 17.0/2.9/VsDiagnostics/Microsoft.Azure.Storage.Blob.dll
[2cc4:000a][2022-08-22T15:30:03] C:\Program Files\Microsoft Visual Studio\2022\Community\Microsoft Azure Tools\Visual Studio 17.0\2.9\VsDiagnostics\Microsoft.Azure.Storage.Blob.dll file deleted.
[2cc4:000a][2022-08-22T15:30:03] Processing file /Contents/Microsoft Azure Tools/Visual Studio 17.0/2.9/VsDiagnostics/Microsoft.Azure.Storage.Queue.dll
[2cc4:000a][2022-08-22T15:30:03] C:\Program Files\Microsoft Visual Studio\2022\Community\Microsoft Azure Tools\Visual Studio 17.0\2.9\VsDiagnostics\Microsoft.Azure.Storage.Queue.dll file deleted.
[2cc4:000a][2022-08-22T15:30:03] Processing file /Contents/Microsoft Azure Tools/Visual Studio 17.0/2.9/VsDiagnostics/Microsoft.Azure.Storage.Common.dll
[2cc4:000a][2022-08-22T15:30:03] C:\Program Files\Microsoft Visual Studio\2022\Community\Microsoft Azure Tools\Visual Studio 17.0\2.9\VsDiagnostics\Microsoft.Azure.Storage.Common.dll file deleted.
[2cc4:000a][2022-08-22T15:30:03] Processing file /Contents/Microsoft Azure Tools/Visual Studio 17.0/2.9/VsDiagnostics/WindowsAzureDiagnosticsAgent.exe
[2cc4:000a][2022-08-22T15:30:03] C:\Program Files\Microsoft Visual Studio\2022\Community\Microsoft Azure Tools\Visual Studio 17.0\2.9\VsDiagnostics\WindowsAzureDiagnosticsAgent.exe file deleted.
[2cc4:000a][2022-08-22T15:30:03] Processing file /Contents/Microsoft Azure Tools/Visual Studio 17.0/2.9/VsDiagnostics/WindowsAzureDiagnosticsAgent.exe.config
[2cc4:000a][2022-08-22T15:30:03] C:\Program Files\Microsoft Visual Studio\2022\Community\Microsoft Azure Tools\Visual Studio 17.0\2.9\VsDiagnostics\WindowsAzureDiagnosticsAgent.exe.config file deleted.
[2cc4:000a][2022-08-22T15:30:03] Processing file /Contents/Microsoft Azure Tools/Visual Studio 17.0/2.9/VsDiagnostics/WindowsAzureDiagnosticsStartup.exe
[2cc4:000a][2022-08-22T15:30:03] C:\Program Files\Microsoft Visual Studio\2022\Community\Microsoft Azure Tools\Visual Studio 17.0\2.9\VsDiagnostics\WindowsAzureDiagnosticsStartup.exe file deleted.
[2cc4:000a][2022-08-22T15:30:03] Processing file /Contents/Microsoft Azure Tools/Visual Studio 17.0/2.9/VsDiagnostics/WindowsAzureDiagnosticsStartup.exe.config
[2cc4:000a][2022-08-22T15:30:03] C:\Program Files\Microsoft Visual Studio\2022\Community\Microsoft Azure Tools\Visual Studio 17.0\2.9\VsDiagnostics\WindowsAzureDiagnosticsStartup.exe.config file deleted.
[2cc4:000a][2022-08-22T15:30:03] Started: Deleting empty directories
[2cc4:000a][2022-08-22T15:30:03] Completed: Deleting empty directories
[2cc4:000a][2022-08-22T15:30:03] Package executed successfully. Return code: 0
