[2cc4:000a][2022-08-22T15:41:28] Using cached package manifest as the embedded manifest
[2cc4:000a][2022-08-22T15:41:28] Processing file /Contents/Team Tools/Performance Tools/Microsoft.VisualStudio.PerformanceTools.CounterInfo.dll
[2cc4:000a][2022-08-22T15:41:28] C:\Program Files\Microsoft Visual Studio\2022\Community\Team Tools\Performance Tools\Microsoft.VisualStudio.PerformanceTools.CounterInfo.dll file deleted.
[2cc4:000a][2022-08-22T15:41:28] Processing file /Contents/Team Tools/Performance Tools/vspmsg.dll
[2cc4:000a][2022-08-22T15:41:28] C:\Program Files\Microsoft Visual Studio\2022\Community\Team Tools\Performance Tools\vspmsg.dll file deleted.
[2cc4:000a][2022-08-22T15:41:28] Processing file /Contents/Team Tools/Performance Tools/VSPerfReader.dll
[2cc4:000a][2022-08-22T15:41:28] C:\Program Files\Microsoft Visual Studio\2022\Community\Team Tools\Performance Tools\VSPerfReader.dll file deleted.
[2cc4:000a][2022-08-22T15:41:28] Processing file /Contents/Team Tools/Performance Tools/vsinstr.legacy.exe
[2cc4:000a][2022-08-22T15:41:28] C:\Program Files\Microsoft Visual Studio\2022\Community\Team Tools\Performance Tools\vsinstr.legacy.exe file deleted.
[2cc4:000a][2022-08-22T15:41:28] Processing file /Contents/Team Tools/Performance Tools/vsinstr.exe
[2cc4:000a][2022-08-22T15:41:28] C:\Program Files\Microsoft Visual Studio\2022\Community\Team Tools\Performance Tools\vsinstr.exe file deleted.
[2cc4:000a][2022-08-22T15:41:28] Processing file /Contents/Team Tools/Performance Tools/x64/vsinstr.legacy.exe
[2cc4:000a][2022-08-22T15:41:28] C:\Program Files\Microsoft Visual Studio\2022\Community\Team Tools\Performance Tools\x64\vsinstr.legacy.exe file deleted.
[2cc4:000a][2022-08-22T15:41:28] Processing file /Contents/Team Tools/Performance Tools/x64/vsinstr.exe
[2cc4:000a][2022-08-22T15:41:28] C:\Program Files\Microsoft Visual Studio\2022\Community\Team Tools\Performance Tools\x64\vsinstr.exe file deleted.
[2cc4:000a][2022-08-22T15:41:28] Processing file /Contents/Team Tools/Performance Tools/x64/msdia140.dll.manifest
[2cc4:000a][2022-08-22T15:41:28] C:\Program Files\Microsoft Visual Studio\2022\Community\Team Tools\Performance Tools\x64\msdia140.dll.manifest file deleted.
[2cc4:000a][2022-08-22T15:41:28] Processing file /Contents/Team Tools/Performance Tools/x64/msdia140.dll
[2cc4:000a][2022-08-22T15:41:28] C:\Program Files\Microsoft Visual Studio\2022\Community\Team Tools\Performance Tools\x64\msdia140.dll file deleted.
[2cc4:000a][2022-08-22T15:41:28] Processing file /Contents/Team Tools/Performance Tools/x64/PerfSDK/vsperf.h
[2cc4:000a][2022-08-22T15:41:28] C:\Program Files\Microsoft Visual Studio\2022\Community\Team Tools\Performance Tools\x64\PerfSDK\vsperf.h file deleted.
[2cc4:000a][2022-08-22T15:41:28] Processing file /Contents/Team Tools/Performance Tools/x64/PerfSDK/vsperf.lib
[2cc4:000a][2022-08-22T15:41:28] C:\Program Files\Microsoft Visual Studio\2022\Community\Team Tools\Performance Tools\x64\PerfSDK\vsperf.lib file deleted.
[2cc4:000a][2022-08-22T15:41:28] Processing file /Contents/Common7/IDE/PrivateAssemblies/vspmsg.dll
[2cc4:000a][2022-08-22T15:41:28] C:\Program Files\Microsoft Visual Studio\2022\Community\Common7\IDE\PrivateAssemblies\vspmsg.dll file deleted.
[2cc4:000a][2022-08-22T15:41:28] Processing file /Contents/Common7/IDE/PrivateAssemblies/VSPerfReader.dll
[2cc4:000a][2022-08-22T15:41:28] C:\Program Files\Microsoft Visual Studio\2022\Community\Common7\IDE\PrivateAssemblies\VSPerfReader.dll file deleted.
[2cc4:000a][2022-08-22T15:41:28] Processing file /Contents/Common7/IDE/PrivateAssemblies/DataCollectors/x64/vspmsg.dll
[2cc4:000a][2022-08-22T15:41:28] C:\Program Files\Microsoft Visual Studio\2022\Community\Common7\IDE\PrivateAssemblies\DataCollectors\x64\vspmsg.dll file deleted.
[2cc4:000a][2022-08-22T15:41:28] Started: Deleting empty directories
[2cc4:000a][2022-08-22T15:41:28] Completed: Deleting empty directories
[2cc4:000a][2022-08-22T15:41:28] Package executed successfully. Return code: 0
