[2cc4:000a][2022-08-22T15:30:10] Using cached package manifest as the embedded manifest
[2cc4:000a][2022-08-22T15:30:10] Processing file /Contents/Common7/IDE/Extensions/Microsoft/Windows Azure Tools/v2.9/Microsoft.VisualStudio.WindowsAzure.WizardFramework.2.9.dll
[2cc4:000a][2022-08-22T15:30:10] C:\Program Files\Microsoft Visual Studio\2022\Community\Common7\IDE\Extensions\Microsoft\Windows Azure Tools\v2.9\Microsoft.VisualStudio.WindowsAzure.WizardFramework.2.9.dll file deleted.
[2cc4:000a][2022-08-22T15:30:10] Processing file /Contents/Common7/IDE/Extensions/Microsoft/Windows Azure Tools/v2.9/Microsoft.VisualStudio.WindowsAzure.Tasks.Host.2.9.dll
[2cc4:000a][2022-08-22T15:30:10] C:\Program Files\Microsoft Visual Studio\2022\Community\Common7\IDE\Extensions\Microsoft\Windows Azure Tools\v2.9\Microsoft.VisualStudio.WindowsAzure.Tasks.Host.2.9.dll file deleted.
[2cc4:000a][2022-08-22T15:30:10] Processing file /Contents/Common7/IDE/Extensions/Microsoft/Windows Azure Tools/v2.9/Microsoft.VisualStudio.WindowsAzure.2.9.dll
[2cc4:000a][2022-08-22T15:30:10] C:\Program Files\Microsoft Visual Studio\2022\Community\Common7\IDE\Extensions\Microsoft\Windows Azure Tools\v2.9\Microsoft.VisualStudio.WindowsAzure.2.9.dll file deleted.
[2cc4:000a][2022-08-22T15:30:10] Processing file /Contents/Common7/IDE/Extensions/Microsoft/Windows Azure Tools/v2.9/Microsoft.VisualStudio.WindowsAzure.2.9.pkgdef
[2cc4:000a][2022-08-22T15:30:10] C:\Program Files\Microsoft Visual Studio\2022\Community\Common7\IDE\Extensions\Microsoft\Windows Azure Tools\v2.9\Microsoft.VisualStudio.WindowsAzure.2.9.pkgdef file deleted.
[2cc4:000a][2022-08-22T15:30:10] Processing file /Contents/Common7/IDE/Extensions/Microsoft/Windows Azure Tools/v2.9/WindowsAzure.defaults.cscfg
[2cc4:000a][2022-08-22T15:30:10] C:\Program Files\Microsoft Visual Studio\2022\Community\Common7\IDE\Extensions\Microsoft\Windows Azure Tools\v2.9\WindowsAzure.defaults.cscfg file deleted.
[2cc4:000a][2022-08-22T15:30:10] Processing file /Contents/Common7/IDE/Extensions/Microsoft/Windows Azure Tools/v2.9/WindowsAzure.defaults.csdef
[2cc4:000a][2022-08-22T15:30:10] C:\Program Files\Microsoft Visual Studio\2022\Community\Common7\IDE\Extensions\Microsoft\Windows Azure Tools\v2.9\WindowsAzure.defaults.csdef file deleted.
[2cc4:000a][2022-08-22T15:30:10] Processing file /Contents/Common7/IDE/Extensions/Microsoft/Windows Azure Tools/v2.9/Microsoft.Azure.Storage.Blob.dll
[2cc4:000a][2022-08-22T15:30:10] C:\Program Files\Microsoft Visual Studio\2022\Community\Common7\IDE\Extensions\Microsoft\Windows Azure Tools\v2.9\Microsoft.Azure.Storage.Blob.dll file deleted.
[2cc4:000a][2022-08-22T15:30:10] Processing file /Contents/Common7/IDE/Extensions/Microsoft/Windows Azure Tools/v2.9/Microsoft.Azure.Storage.Queue.dll
[2cc4:000a][2022-08-22T15:30:10] C:\Program Files\Microsoft Visual Studio\2022\Community\Common7\IDE\Extensions\Microsoft\Windows Azure Tools\v2.9\Microsoft.Azure.Storage.Queue.dll file deleted.
[2cc4:000a][2022-08-22T15:30:10] Processing file /Contents/Common7/IDE/Extensions/Microsoft/Windows Azure Tools/v2.9/Microsoft.Azure.Storage.Common.dll
[2cc4:000a][2022-08-22T15:30:10] C:\Program Files\Microsoft Visual Studio\2022\Community\Common7\IDE\Extensions\Microsoft\Windows Azure Tools\v2.9\Microsoft.Azure.Storage.Common.dll file deleted.
[2cc4:000a][2022-08-22T15:30:10] Processing file /Contents/Common7/IDE/Extensions/Microsoft/Windows Azure Tools/v2.9/Microsoft.VisualStudio.WindowsAzure.Common.2.9.dll
[2cc4:000a][2022-08-22T15:30:10] C:\Program Files\Microsoft Visual Studio\2022\Community\Common7\IDE\Extensions\Microsoft\Windows Azure Tools\v2.9\Microsoft.VisualStudio.WindowsAzure.Common.2.9.dll file deleted.
[2cc4:000a][2022-08-22T15:30:10] Processing file /Contents/Common7/IDE/Extensions/Microsoft/Windows Azure Tools/v2.9/Microsoft.VisualStudio.WindowsAzure.AzureDiagnostics.2.9.dll
[2cc4:000a][2022-08-22T15:30:10] C:\Program Files\Microsoft Visual Studio\2022\Community\Common7\IDE\Extensions\Microsoft\Windows Azure Tools\v2.9\Microsoft.VisualStudio.WindowsAzure.AzureDiagnostics.2.9.dll file deleted.
[2cc4:000a][2022-08-22T15:30:10] Processing file /Contents/Common7/IDE/Extensions/Microsoft/Windows Azure Tools/v2.9/Microsoft.VisualStudio.WindowsAzure.ServiceManagement.2.9.dll
[2cc4:000a][2022-08-22T15:30:10] C:\Program Files\Microsoft Visual Studio\2022\Community\Common7\IDE\Extensions\Microsoft\Windows Azure Tools\v2.9\Microsoft.VisualStudio.WindowsAzure.ServiceManagement.2.9.dll file deleted.
[2cc4:000a][2022-08-22T15:30:10] Processing file /Contents/Common7/IDE/Extensions/Microsoft/Windows Azure Tools/v2.9/Microsoft.VisualStudio.Azure.AzureTools.Utilities.1.9.dll
[2cc4:000a][2022-08-22T15:30:10] C:\Program Files\Microsoft Visual Studio\2022\Community\Common7\IDE\Extensions\Microsoft\Windows Azure Tools\v2.9\Microsoft.VisualStudio.Azure.AzureTools.Utilities.1.9.dll file deleted.
[2cc4:000a][2022-08-22T15:30:10] Processing file /Contents/Common7/IDE/Extensions/Microsoft/Windows Azure Tools/v2.9/Debugger/WindowsAzureDebugger.exe
[2cc4:000a][2022-08-22T15:30:10] C:\Program Files\Microsoft Visual Studio\2022\Community\Common7\IDE\Extensions\Microsoft\Windows Azure Tools\v2.9\Debugger\WindowsAzureDebugger.exe file deleted.
[2cc4:000a][2022-08-22T15:30:10] Processing file /Contents/Common7/IDE/Extensions/Microsoft/Windows Azure Tools Diagnostics/extension.vsixmanifest
[2cc4:000a][2022-08-22T15:30:10] C:\Program Files\Microsoft Visual Studio\2022\Community\Common7\IDE\Extensions\Microsoft\Windows Azure Tools Diagnostics\extension.vsixmanifest file deleted.
[2cc4:000a][2022-08-22T15:30:10] Processing file /Contents/Common7/IDE/Extensions/Microsoft/Windows Azure Tools Diagnostics/Microsoft.VisualStudio.WindowsAzure.Services.dll
[2cc4:000a][2022-08-22T15:30:10] C:\Program Files\Microsoft Visual Studio\2022\Community\Common7\IDE\Extensions\Microsoft\Windows Azure Tools Diagnostics\Microsoft.VisualStudio.WindowsAzure.Services.dll file deleted.
[2cc4:000a][2022-08-22T15:30:10] Processing file /Contents/Common7/IDE/Extensions/Microsoft/Windows Azure Tools Diagnostics/Microsoft.VisualStudio.WindowsAzure.dll
[2cc4:000a][2022-08-22T15:30:10] C:\Program Files\Microsoft Visual Studio\2022\Community\Common7\IDE\Extensions\Microsoft\Windows Azure Tools Diagnostics\Microsoft.VisualStudio.WindowsAzure.dll file deleted.
[2cc4:000a][2022-08-22T15:30:10] Processing file /Contents/Common7/IDE/Extensions/Microsoft/Windows Azure Tools Diagnostics/Microsoft.Azure.Storage.Blob.dll
[2cc4:000a][2022-08-22T15:30:10] C:\Program Files\Microsoft Visual Studio\2022\Community\Common7\IDE\Extensions\Microsoft\Windows Azure Tools Diagnostics\Microsoft.Azure.Storage.Blob.dll file deleted.
[2cc4:000a][2022-08-22T15:30:10] Processing file /Contents/Common7/IDE/Extensions/Microsoft/Windows Azure Tools Diagnostics/Microsoft.Azure.Storage.Queue.dll
[2cc4:000a][2022-08-22T15:30:10] C:\Program Files\Microsoft Visual Studio\2022\Community\Common7\IDE\Extensions\Microsoft\Windows Azure Tools Diagnostics\Microsoft.Azure.Storage.Queue.dll file deleted.
[2cc4:000a][2022-08-22T15:30:10] Processing file /Contents/Common7/IDE/Extensions/Microsoft/Windows Azure Tools Diagnostics/Microsoft.Azure.Storage.Common.dll
[2cc4:000a][2022-08-22T15:30:10] C:\Program Files\Microsoft Visual Studio\2022\Community\Common7\IDE\Extensions\Microsoft\Windows Azure Tools Diagnostics\Microsoft.Azure.Storage.Common.dll file deleted.
[2cc4:000a][2022-08-22T15:30:10] Processing file /Contents/Common7/IDE/Extensions/Microsoft/Windows Azure Tools Diagnostics/Microsoft.VisualStudio.WindowsAzure.Diagnostics.dll
[2cc4:000a][2022-08-22T15:30:10] C:\Program Files\Microsoft Visual Studio\2022\Community\Common7\IDE\Extensions\Microsoft\Windows Azure Tools Diagnostics\Microsoft.VisualStudio.WindowsAzure.Diagnostics.dll file deleted.
[2cc4:000a][2022-08-22T15:30:10] Processing file /Contents/Common7/IDE/Extensions/Microsoft/Windows Azure Tools Diagnostics/Microsoft.VisualStudio.WindowsAzure.Common.2.9.dll
[2cc4:000a][2022-08-22T15:30:10] C:\Program Files\Microsoft Visual Studio\2022\Community\Common7\IDE\Extensions\Microsoft\Windows Azure Tools Diagnostics\Microsoft.VisualStudio.WindowsAzure.Common.2.9.dll file deleted.
[2cc4:000a][2022-08-22T15:30:10] Processing file /Contents/Common7/IDE/Extensions/Microsoft/Windows Azure Tools Diagnostics/Microsoft.VisualStudio.WindowsAzure.Contracts.2.9.dll
[2cc4:000a][2022-08-22T15:30:10] C:\Program Files\Microsoft Visual Studio\2022\Community\Common7\IDE\Extensions\Microsoft\Windows Azure Tools Diagnostics\Microsoft.VisualStudio.WindowsAzure.Contracts.2.9.dll file deleted.
[2cc4:000a][2022-08-22T15:30:10] Processing file /Contents/Common7/IDE/Extensions/Microsoft/Windows Azure Tools Diagnostics/Microsoft.VisualStudio.WindowsAzure.AzureDiagnostics.pkgdef
[2cc4:000a][2022-08-22T15:30:10] C:\Program Files\Microsoft Visual Studio\2022\Community\Common7\IDE\Extensions\Microsoft\Windows Azure Tools Diagnostics\Microsoft.VisualStudio.WindowsAzure.AzureDiagnostics.pkgdef file deleted.
[2cc4:000a][2022-08-22T15:30:10] Processing file /Contents/Common7/IDE/Extensions/Microsoft/Windows Azure Tools Diagnostics/Microsoft.VisualStudio.WindowsAzure.AzureDiagnostics.dll
[2cc4:000a][2022-08-22T15:30:10] C:\Program Files\Microsoft Visual Studio\2022\Community\Common7\IDE\Extensions\Microsoft\Windows Azure Tools Diagnostics\Microsoft.VisualStudio.WindowsAzure.AzureDiagnostics.dll file deleted.
[2cc4:000a][2022-08-22T15:30:10] Processing file /Contents/Common7/IDE/Extensions/Microsoft/Windows Azure Tools Diagnostics/Microsoft.VisualStudio.WindowsAzure.AzureDiagnostics.2.9.dll
[2cc4:000a][2022-08-22T15:30:10] C:\Program Files\Microsoft Visual Studio\2022\Community\Common7\IDE\Extensions\Microsoft\Windows Azure Tools Diagnostics\Microsoft.VisualStudio.WindowsAzure.AzureDiagnostics.2.9.dll file deleted.
[2cc4:000a][2022-08-22T15:30:10] Processing file /Contents/Common7/IDE/Extensions/Microsoft/Windows Azure Tools Diagnostics 1.0/Microsoft.VisualStudio.WindowsAzure.Common.2.9.dll
[2cc4:000a][2022-08-22T15:30:10] C:\Program Files\Microsoft Visual Studio\2022\Community\Common7\IDE\Extensions\Microsoft\Windows Azure Tools Diagnostics 1.0\Microsoft.VisualStudio.WindowsAzure.Common.2.9.dll file deleted.
[2cc4:000a][2022-08-22T15:30:10] Processing file /Contents/Common7/IDE/Extensions/Microsoft/Windows Azure Tools Diagnostics 1.0/Microsoft.VisualStudio.WindowsAzure.Contracts.2.9.dll
[2cc4:000a][2022-08-22T15:30:10] C:\Program Files\Microsoft Visual Studio\2022\Community\Common7\IDE\Extensions\Microsoft\Windows Azure Tools Diagnostics 1.0\Microsoft.VisualStudio.WindowsAzure.Contracts.2.9.dll file deleted.
[2cc4:000a][2022-08-22T15:30:10] Processing file /Contents/Common7/IDE/Extensions/Microsoft/Windows Azure Tools Diagnostics 1.0/Microsoft.VisualStudio.WindowsAzure.dll
[2cc4:000a][2022-08-22T15:30:10] C:\Program Files\Microsoft Visual Studio\2022\Community\Common7\IDE\Extensions\Microsoft\Windows Azure Tools Diagnostics 1.0\Microsoft.VisualStudio.WindowsAzure.dll file deleted.
[2cc4:000a][2022-08-22T15:30:10] Processing file /Contents/Common7/IDE/Extensions/Microsoft/Windows Azure Tools Diagnostics 1.0/Microsoft.VisualStudio.WindowsAzure.Services.dll
[2cc4:000a][2022-08-22T15:30:10] C:\Program Files\Microsoft Visual Studio\2022\Community\Common7\IDE\Extensions\Microsoft\Windows Azure Tools Diagnostics 1.0\Microsoft.VisualStudio.WindowsAzure.Services.dll file deleted.
[2cc4:000a][2022-08-22T15:30:10] Processing file /Contents/Common7/IDE/Extensions/Microsoft/Windows Azure Tools/extension.vsixmanifest
[2cc4:000a][2022-08-22T15:30:10] C:\Program Files\Microsoft Visual Studio\2022\Community\Common7\IDE\Extensions\Microsoft\Windows Azure Tools\extension.vsixmanifest file deleted.
[2cc4:000a][2022-08-22T15:30:10] Processing file /Contents/Common7/IDE/Extensions/Microsoft/Windows Azure Tools/Microsoft.VisualStudio.Azure.AzureTools.Utilities.1.9.dll
[2cc4:000a][2022-08-22T15:30:10] C:\Program Files\Microsoft Visual Studio\2022\Community\Common7\IDE\Extensions\Microsoft\Windows Azure Tools\Microsoft.VisualStudio.Azure.AzureTools.Utilities.1.9.dll file deleted.
[2cc4:000a][2022-08-22T15:30:10] Processing file /Contents/Common7/IDE/Extensions/Microsoft/Windows Azure Tools/Microsoft.VisualStudio.CloudService.Wizard.dll
[2cc4:000a][2022-08-22T15:30:10] C:\Program Files\Microsoft Visual Studio\2022\Community\Common7\IDE\Extensions\Microsoft\Windows Azure Tools\Microsoft.VisualStudio.CloudService.Wizard.dll file deleted.
[2cc4:000a][2022-08-22T15:30:10] Processing file /Contents/Common7/IDE/Extensions/Microsoft/Windows Azure Tools/Microsoft.VisualStudio.WindowsAzure.Common.2.9.dll
[2cc4:000a][2022-08-22T15:30:10] C:\Program Files\Microsoft Visual Studio\2022\Community\Common7\IDE\Extensions\Microsoft\Windows Azure Tools\Microsoft.VisualStudio.WindowsAzure.Common.2.9.dll file deleted.
[2cc4:000a][2022-08-22T15:30:10] Processing file /Contents/Common7/IDE/Extensions/Microsoft/Windows Azure Tools/Microsoft.VisualStudio.WindowsAzure.Contracts.1.7.dll
[2cc4:000a][2022-08-22T15:30:10] C:\Program Files\Microsoft Visual Studio\2022\Community\Common7\IDE\Extensions\Microsoft\Windows Azure Tools\Microsoft.VisualStudio.WindowsAzure.Contracts.1.7.dll file deleted.
[2cc4:000a][2022-08-22T15:30:10] Processing file /Contents/Common7/IDE/Extensions/Microsoft/Windows Azure Tools/Microsoft.VisualStudio.WindowsAzure.Contracts.1.8.dll
[2cc4:000a][2022-08-22T15:30:10] C:\Program Files\Microsoft Visual Studio\2022\Community\Common7\IDE\Extensions\Microsoft\Windows Azure Tools\Microsoft.VisualStudio.WindowsAzure.Contracts.1.8.dll file deleted.
[2cc4:000a][2022-08-22T15:30:10] Processing file /Contents/Common7/IDE/Extensions/Microsoft/Windows Azure Tools/Microsoft.VisualStudio.WindowsAzure.Contracts.2.0.dll
[2cc4:000a][2022-08-22T15:30:10] C:\Program Files\Microsoft Visual Studio\2022\Community\Common7\IDE\Extensions\Microsoft\Windows Azure Tools\Microsoft.VisualStudio.WindowsAzure.Contracts.2.0.dll file deleted.
[2cc4:000a][2022-08-22T15:30:10] Processing file /Contents/Common7/IDE/Extensions/Microsoft/Windows Azure Tools/Microsoft.VisualStudio.WindowsAzure.Contracts.2.1.dll
[2cc4:000a][2022-08-22T15:30:10] C:\Program Files\Microsoft Visual Studio\2022\Community\Common7\IDE\Extensions\Microsoft\Windows Azure Tools\Microsoft.VisualStudio.WindowsAzure.Contracts.2.1.dll file deleted.
[2cc4:000a][2022-08-22T15:30:10] Processing file /Contents/Common7/IDE/Extensions/Microsoft/Windows Azure Tools/Microsoft.VisualStudio.WindowsAzure.Contracts.2.2.dll
[2cc4:000a][2022-08-22T15:30:10] C:\Program Files\Microsoft Visual Studio\2022\Community\Common7\IDE\Extensions\Microsoft\Windows Azure Tools\Microsoft.VisualStudio.WindowsAzure.Contracts.2.2.dll file deleted.
[2cc4:000a][2022-08-22T15:30:10] Processing file /Contents/Common7/IDE/Extensions/Microsoft/Windows Azure Tools/Microsoft.VisualStudio.WindowsAzure.Contracts.2.3.dll
[2cc4:000a][2022-08-22T15:30:10] C:\Program Files\Microsoft Visual Studio\2022\Community\Common7\IDE\Extensions\Microsoft\Windows Azure Tools\Microsoft.VisualStudio.WindowsAzure.Contracts.2.3.dll file deleted.
[2cc4:000a][2022-08-22T15:30:10] Processing file /Contents/Common7/IDE/Extensions/Microsoft/Windows Azure Tools/Microsoft.VisualStudio.WindowsAzure.Contracts.2.4.dll
[2cc4:000a][2022-08-22T15:30:10] C:\Program Files\Microsoft Visual Studio\2022\Community\Common7\IDE\Extensions\Microsoft\Windows Azure Tools\Microsoft.VisualStudio.WindowsAzure.Contracts.2.4.dll file deleted.
[2cc4:000a][2022-08-22T15:30:10] Processing file /Contents/Common7/IDE/Extensions/Microsoft/Windows Azure Tools/Microsoft.VisualStudio.WindowsAzure.Contracts.2.5.dll
[2cc4:000a][2022-08-22T15:30:10] C:\Program Files\Microsoft Visual Studio\2022\Community\Common7\IDE\Extensions\Microsoft\Windows Azure Tools\Microsoft.VisualStudio.WindowsAzure.Contracts.2.5.dll file deleted.
[2cc4:000a][2022-08-22T15:30:10] Processing file /Contents/Common7/IDE/Extensions/Microsoft/Windows Azure Tools/Microsoft.VisualStudio.WindowsAzure.Contracts.2.6.dll
[2cc4:000a][2022-08-22T15:30:10] C:\Program Files\Microsoft Visual Studio\2022\Community\Common7\IDE\Extensions\Microsoft\Windows Azure Tools\Microsoft.VisualStudio.WindowsAzure.Contracts.2.6.dll file deleted.
[2cc4:000a][2022-08-22T15:30:10] Processing file /Contents/Common7/IDE/Extensions/Microsoft/Windows Azure Tools/Microsoft.VisualStudio.WindowsAzure.Contracts.2.7.dll
[2cc4:000a][2022-08-22T15:30:10] C:\Program Files\Microsoft Visual Studio\2022\Community\Common7\IDE\Extensions\Microsoft\Windows Azure Tools\Microsoft.VisualStudio.WindowsAzure.Contracts.2.7.dll file deleted.
[2cc4:000a][2022-08-22T15:30:10] Processing file /Contents/Common7/IDE/Extensions/Microsoft/Windows Azure Tools/Microsoft.VisualStudio.WindowsAzure.Contracts.2.8.dll
[2cc4:000a][2022-08-22T15:30:10] C:\Program Files\Microsoft Visual Studio\2022\Community\Common7\IDE\Extensions\Microsoft\Windows Azure Tools\Microsoft.VisualStudio.WindowsAzure.Contracts.2.8.dll file deleted.
[2cc4:000a][2022-08-22T15:30:10] Processing file /Contents/Common7/IDE/Extensions/Microsoft/Windows Azure Tools/Microsoft.VisualStudio.WindowsAzure.Contracts.2.9.dll
[2cc4:000a][2022-08-22T15:30:10] C:\Program Files\Microsoft Visual Studio\2022\Community\Common7\IDE\Extensions\Microsoft\Windows Azure Tools\Microsoft.VisualStudio.WindowsAzure.Contracts.2.9.dll file deleted.
[2cc4:000a][2022-08-22T15:30:10] Processing file /Contents/Common7/IDE/Extensions/Microsoft/Windows Azure Tools/Microsoft.VisualStudio.WindowsAzure.Diagnostics.Client.dll
[2cc4:000a][2022-08-22T15:30:10] C:\Program Files\Microsoft Visual Studio\2022\Community\Common7\IDE\Extensions\Microsoft\Windows Azure Tools\Microsoft.VisualStudio.WindowsAzure.Diagnostics.Client.dll file deleted.
[2cc4:000a][2022-08-22T15:30:10] Processing file /Contents/Common7/IDE/Extensions/Microsoft/Windows Azure Tools/Microsoft.VisualStudio.WindowsAzure.Diagnostics.dll
[2cc4:000a][2022-08-22T15:30:10] C:\Program Files\Microsoft Visual Studio\2022\Community\Common7\IDE\Extensions\Microsoft\Windows Azure Tools\Microsoft.VisualStudio.WindowsAzure.Diagnostics.dll file deleted.
[2cc4:000a][2022-08-22T15:30:10] Processing file /Contents/Common7/IDE/Extensions/Microsoft/Windows Azure Tools/Microsoft.Azure.Storage.Blob.dll
[2cc4:000a][2022-08-22T15:30:10] C:\Program Files\Microsoft Visual Studio\2022\Community\Common7\IDE\Extensions\Microsoft\Windows Azure Tools\Microsoft.Azure.Storage.Blob.dll file deleted.
[2cc4:000a][2022-08-22T15:30:10] Processing file /Contents/Common7/IDE/Extensions/Microsoft/Windows Azure Tools/Microsoft.Azure.Storage.Queue.dll
[2cc4:000a][2022-08-22T15:30:10] C:\Program Files\Microsoft Visual Studio\2022\Community\Common7\IDE\Extensions\Microsoft\Windows Azure Tools\Microsoft.Azure.Storage.Queue.dll file deleted.
[2cc4:000a][2022-08-22T15:30:10] Processing file /Contents/Common7/IDE/Extensions/Microsoft/Windows Azure Tools/Microsoft.Azure.Storage.Common.dll
[2cc4:000a][2022-08-22T15:30:10] C:\Program Files\Microsoft Visual Studio\2022\Community\Common7\IDE\Extensions\Microsoft\Windows Azure Tools\Microsoft.Azure.Storage.Common.dll file deleted.
[2cc4:000a][2022-08-22T15:30:10] Processing file /Contents/Common7/IDE/Extensions/Microsoft/Windows Azure Tools/Microsoft.VisualStudio.WindowsAzure.dll
[2cc4:000a][2022-08-22T15:30:10] C:\Program Files\Microsoft Visual Studio\2022\Community\Common7\IDE\Extensions\Microsoft\Windows Azure Tools\Microsoft.VisualStudio.WindowsAzure.dll file deleted.
[2cc4:000a][2022-08-22T15:30:10] Processing file /Contents/Common7/IDE/Extensions/Microsoft/Windows Azure Tools/Microsoft.VisualStudio.WindowsAzure.pkgdef
[2cc4:000a][2022-08-22T15:30:10] C:\Program Files\Microsoft Visual Studio\2022\Community\Common7\IDE\Extensions\Microsoft\Windows Azure Tools\Microsoft.VisualStudio.WindowsAzure.pkgdef file deleted.
[2cc4:000a][2022-08-22T15:30:10] Processing file /Contents/Common7/IDE/Extensions/Microsoft/Windows Azure Tools/Microsoft.VisualStudio.WindowsAzure.ServiceManagement.2.9.dll
[2cc4:000a][2022-08-22T15:30:10] C:\Program Files\Microsoft Visual Studio\2022\Community\Common7\IDE\Extensions\Microsoft\Windows Azure Tools\Microsoft.VisualStudio.WindowsAzure.ServiceManagement.2.9.dll file deleted.
[2cc4:000a][2022-08-22T15:30:10] Processing file /Contents/Common7/IDE/Extensions/Microsoft/Windows Azure Tools/Microsoft.VisualStudio.WindowsAzure.Services.dll
[2cc4:000a][2022-08-22T15:30:10] C:\Program Files\Microsoft Visual Studio\2022\Community\Common7\IDE\Extensions\Microsoft\Windows Azure Tools\Microsoft.VisualStudio.WindowsAzure.Services.dll file deleted.
[2cc4:000a][2022-08-22T15:30:10] Processing file /Contents/Common7/IDE/Extensions/Microsoft/Windows Azure Tools/Microsoft.VisualStudio.WindowsAzure.WizardFramework.2.9.dll
[2cc4:000a][2022-08-22T15:30:10] C:\Program Files\Microsoft Visual Studio\2022\Community\Common7\IDE\Extensions\Microsoft\Windows Azure Tools\Microsoft.VisualStudio.WindowsAzure.WizardFramework.2.9.dll file deleted.
[2cc4:000a][2022-08-22T15:30:10] Processing file /Contents/Common7/IDE/Extensions/Microsoft/Windows Azure Tools/RemoteDebugger/extension.vsixmanifest
[2cc4:000a][2022-08-22T15:30:10] C:\Program Files\Microsoft Visual Studio\2022\Community\Common7\IDE\Extensions\Microsoft\Windows Azure Tools\RemoteDebugger\extension.vsixmanifest file deleted.
[2cc4:000a][2022-08-22T15:30:10] Processing file /Contents/Common7/IDE/Extensions/Microsoft/Windows Azure Tools/RemoteDebugger/Microsoft.VisualStudio.WindowsAzure.RemoteDebugger.Contract.dll
[2cc4:000a][2022-08-22T15:30:10] C:\Program Files\Microsoft Visual Studio\2022\Community\Common7\IDE\Extensions\Microsoft\Windows Azure Tools\RemoteDebugger\Microsoft.VisualStudio.WindowsAzure.RemoteDebugger.Contract.dll file deleted.
[2cc4:000a][2022-08-22T15:30:10] Processing file /Contents/Common7/IDE/Extensions/Microsoft/Windows Azure Tools/RemoteDebugger/Microsoft.VisualStudio.WindowsAzure.RemoteDebugger.dll
[2cc4:000a][2022-08-22T15:30:10] C:\Program Files\Microsoft Visual Studio\2022\Community\Common7\IDE\Extensions\Microsoft\Windows Azure Tools\RemoteDebugger\Microsoft.VisualStudio.WindowsAzure.RemoteDebugger.dll file deleted.
[2cc4:000a][2022-08-22T15:30:10] Processing file /Contents/Common7/IDE/Extensions/Microsoft/Windows Azure Tools/RemoteDebugger/Microsoft.VisualStudio.WindowsAzure.RemoteDebugger.pkgdef
[2cc4:000a][2022-08-22T15:30:10] C:\Program Files\Microsoft Visual Studio\2022\Community\Common7\IDE\Extensions\Microsoft\Windows Azure Tools\RemoteDebugger\Microsoft.VisualStudio.WindowsAzure.RemoteDebugger.pkgdef file deleted.
[2cc4:000a][2022-08-22T15:30:10] Processing file /Contents/Common7/IDE/Extensions/Microsoft/Windows Azure Tools/RemoteDebugger/Microsoft.VisualStudio.WindowsAzure.RemoteDebugger.Proxy.Core.dll
[2cc4:000a][2022-08-22T15:30:10] C:\Program Files\Microsoft Visual Studio\2022\Community\Common7\IDE\Extensions\Microsoft\Windows Azure Tools\RemoteDebugger\Microsoft.VisualStudio.WindowsAzure.RemoteDebugger.Proxy.Core.dll file deleted.
[2cc4:000a][2022-08-22T15:30:10] Started: Deleting empty directories
[2cc4:000a][2022-08-22T15:30:10] Completed: Deleting empty directories
[2cc4:000a][2022-08-22T15:30:10] Package executed successfully. Return code: 0
