[2cc4:000a][2022-08-22T15:44:19] Using cached package manifest as the embedded manifest
[2cc4:000a][2022-08-22T15:44:19] Processing file /extension.vsixmanifest
[2cc4:000a][2022-08-22T15:44:19] C:\Program Files\Microsoft Visual Studio\2022\Community\Common7\IDE\Extensions\mjvtqrqo.rby\extension.vsixmanifest file deleted.
[2cc4:000a][2022-08-22T15:44:19] Processing file /$MSBuild/Sdks/Microsoft.Docker.Sdk/tools/Microsoft.Docker.dll
[2cc4:000a][2022-08-22T15:44:19] C:\Program Files\Microsoft Visual Studio\2022\Community\MSBuild\Sdks\Microsoft.Docker.Sdk\tools\Microsoft.Docker.dll file deleted.
[2cc4:000a][2022-08-22T15:44:19] Processing file /$MSBuild/Sdks/Microsoft.Docker.Sdk/tools/Microsoft.Docker.BuildTasks.dll
[2cc4:000a][2022-08-22T15:44:19] C:\Program Files\Microsoft Visual Studio\2022\Community\MSBuild\Sdks\Microsoft.Docker.Sdk\tools\Microsoft.Docker.BuildTasks.dll file deleted.
[2cc4:000a][2022-08-22T15:44:19] Processing file /$MSBuild/Sdks/Microsoft.Docker.Sdk/tools/Microsoft.VisualStudio.Containers.Tools.Common.dll
[2cc4:000a][2022-08-22T15:44:19] C:\Program Files\Microsoft Visual Studio\2022\Community\MSBuild\Sdks\Microsoft.Docker.Sdk\tools\Microsoft.VisualStudio.Containers.Tools.Common.dll file deleted.
[2cc4:000a][2022-08-22T15:44:19] Processing file /$MSBuild/Sdks/Microsoft.Docker.Sdk/tools/Newtonsoft.Json.dll
[2cc4:000a][2022-08-22T15:44:19] C:\Program Files\Microsoft Visual Studio\2022\Community\MSBuild\Sdks\Microsoft.Docker.Sdk\tools\Newtonsoft.Json.dll file deleted.
[2cc4:000a][2022-08-22T15:44:19] Processing file /ThirdPartyNotices.txt
[2cc4:000a][2022-08-22T15:44:19] C:\Program Files\Microsoft Visual Studio\2022\Community\Common7\IDE\Extensions\mjvtqrqo.rby\ThirdPartyNotices.txt file deleted.
[2cc4:000a][2022-08-22T15:44:19] Processing file /$MSBuild/Sdks/Microsoft.Docker.Sdk/tools/utils/KillProcess.exe
[2cc4:000a][2022-08-22T15:44:19] C:\Program Files\Microsoft Visual Studio\2022\Community\MSBuild\Sdks\Microsoft.Docker.Sdk\tools\utils\KillProcess.exe file deleted.
[2cc4:000a][2022-08-22T15:44:19] Processing file /$MSBuild/Current/Microsoft.Common.Targets/ImportAfter/Microsoft.Docker.ImportAfter.targets
[2cc4:000a][2022-08-22T15:44:19] C:\Program Files\Microsoft Visual Studio\2022\Community\MSBuild\Current\Microsoft.Common.Targets\ImportAfter\Microsoft.Docker.ImportAfter.targets file deleted.
[2cc4:000a][2022-08-22T15:44:19] Processing file /$MSBuild/Sdks/Microsoft.Docker.Sdk/build/Microsoft.Docker.targets
[2cc4:000a][2022-08-22T15:44:19] C:\Program Files\Microsoft Visual Studio\2022\Community\MSBuild\Sdks\Microsoft.Docker.Sdk\build\Microsoft.Docker.targets file deleted.
[2cc4:000a][2022-08-22T15:44:19] Processing file /$MSBuild/Sdks/Microsoft.Docker.Sdk/build/Microsoft.VisualStudio.Docker.Compose.props
[2cc4:000a][2022-08-22T15:44:19] C:\Program Files\Microsoft Visual Studio\2022\Community\MSBuild\Sdks\Microsoft.Docker.Sdk\build\Microsoft.VisualStudio.Docker.Compose.props file deleted.
[2cc4:000a][2022-08-22T15:44:19] Processing file /$MSBuild/Sdks/Microsoft.Docker.Sdk/build/Microsoft.VisualStudio.Docker.Compose.targets
[2cc4:000a][2022-08-22T15:44:19] C:\Program Files\Microsoft Visual Studio\2022\Community\MSBuild\Sdks\Microsoft.Docker.Sdk\build\Microsoft.VisualStudio.Docker.Compose.targets file deleted.
[2cc4:000a][2022-08-22T15:44:19] Processing file /$MSBuild/Sdks/Microsoft.Docker.Sdk/build/Rules/BrowseGeneral.xaml
[2cc4:000a][2022-08-22T15:44:19] C:\Program Files\Microsoft Visual Studio\2022\Community\MSBuild\Sdks\Microsoft.Docker.Sdk\build\Rules\BrowseGeneral.xaml file deleted.
[2cc4:000a][2022-08-22T15:44:19] Processing file /$MSBuild/Sdks/Microsoft.Docker.Sdk/build/Rules/DebuggerGeneral.xaml
[2cc4:000a][2022-08-22T15:44:19] C:\Program Files\Microsoft Visual Studio\2022\Community\MSBuild\Sdks\Microsoft.Docker.Sdk\build\Rules\DebuggerGeneral.xaml file deleted.
[2cc4:000a][2022-08-22T15:44:19] Processing file /$MSBuild/Sdks/Microsoft.Docker.Sdk/build/Rules/Folder.xaml
[2cc4:000a][2022-08-22T15:44:19] C:\Program Files\Microsoft Visual Studio\2022\Community\MSBuild\Sdks\Microsoft.Docker.Sdk\build\Rules\Folder.xaml file deleted.
[2cc4:000a][2022-08-22T15:44:19] Processing file /$MSBuild/Sdks/Microsoft.Docker.Sdk/build/Rules/General.xaml
[2cc4:000a][2022-08-22T15:44:19] C:\Program Files\Microsoft Visual Studio\2022\Community\MSBuild\Sdks\Microsoft.Docker.Sdk\build\Rules\General.xaml file deleted.
[2cc4:000a][2022-08-22T15:44:19] Processing file /$MSBuild/Sdks/Microsoft.Docker.Sdk/build/Rules/None.xaml
[2cc4:000a][2022-08-22T15:44:19] C:\Program Files\Microsoft Visual Studio\2022\Community\MSBuild\Sdks\Microsoft.Docker.Sdk\build\Rules\None.xaml file deleted.
[2cc4:000a][2022-08-22T15:44:19] Processing file /$MSBuild/Sdks/Microsoft.Docker.Sdk/build/Rules/ProjectDebugger.xaml
[2cc4:000a][2022-08-22T15:44:19] C:\Program Files\Microsoft Visual Studio\2022\Community\MSBuild\Sdks\Microsoft.Docker.Sdk\build\Rules\ProjectDebugger.xaml file deleted.
[2cc4:000a][2022-08-22T15:44:19] Processing file /$MSBuild/Sdks/Microsoft.Docker.Sdk/build/Rules/ProjectItemsSchema.xaml
[2cc4:000a][2022-08-22T15:44:19] C:\Program Files\Microsoft Visual Studio\2022\Community\MSBuild\Sdks\Microsoft.Docker.Sdk\build\Rules\ProjectItemsSchema.xaml file deleted.
[2cc4:000a][2022-08-22T15:44:19] Processing file /$MSBuild/Sdks/Microsoft.Docker.Sdk/build/Rules/cs/BrowseGeneral.xaml
[2cc4:000a][2022-08-22T15:44:19] C:\Program Files\Microsoft Visual Studio\2022\Community\MSBuild\Sdks\Microsoft.Docker.Sdk\build\Rules\cs\BrowseGeneral.xaml file deleted.
[2cc4:000a][2022-08-22T15:44:19] Processing file /$MSBuild/Sdks/Microsoft.Docker.Sdk/build/Rules/cs/DebuggerGeneral.xaml
[2cc4:000a][2022-08-22T15:44:19] C:\Program Files\Microsoft Visual Studio\2022\Community\MSBuild\Sdks\Microsoft.Docker.Sdk\build\Rules\cs\DebuggerGeneral.xaml file deleted.
[2cc4:000a][2022-08-22T15:44:19] Processing file /$MSBuild/Sdks/Microsoft.Docker.Sdk/build/Rules/cs/Folder.xaml
[2cc4:000a][2022-08-22T15:44:19] C:\Program Files\Microsoft Visual Studio\2022\Community\MSBuild\Sdks\Microsoft.Docker.Sdk\build\Rules\cs\Folder.xaml file deleted.
[2cc4:000a][2022-08-22T15:44:19] Processing file /$MSBuild/Sdks/Microsoft.Docker.Sdk/build/Rules/cs/General.xaml
[2cc4:000a][2022-08-22T15:44:19] C:\Program Files\Microsoft Visual Studio\2022\Community\MSBuild\Sdks\Microsoft.Docker.Sdk\build\Rules\cs\General.xaml file deleted.
[2cc4:000a][2022-08-22T15:44:19] Processing file /$MSBuild/Sdks/Microsoft.Docker.Sdk/build/Rules/cs/None.xaml
[2cc4:000a][2022-08-22T15:44:19] C:\Program Files\Microsoft Visual Studio\2022\Community\MSBuild\Sdks\Microsoft.Docker.Sdk\build\Rules\cs\None.xaml file deleted.
[2cc4:000a][2022-08-22T15:44:19] Processing file /$MSBuild/Sdks/Microsoft.Docker.Sdk/build/Rules/cs/ProjectDebugger.xaml
[2cc4:000a][2022-08-22T15:44:19] C:\Program Files\Microsoft Visual Studio\2022\Community\MSBuild\Sdks\Microsoft.Docker.Sdk\build\Rules\cs\ProjectDebugger.xaml file deleted.
[2cc4:000a][2022-08-22T15:44:19] Processing file /$MSBuild/Sdks/Microsoft.Docker.Sdk/build/Rules/cs/ProjectItemsSchema.xaml
[2cc4:000a][2022-08-22T15:44:19] C:\Program Files\Microsoft Visual Studio\2022\Community\MSBuild\Sdks\Microsoft.Docker.Sdk\build\Rules\cs\ProjectItemsSchema.xaml file deleted.
[2cc4:000a][2022-08-22T15:44:19] Processing file /$MSBuild/Sdks/Microsoft.Docker.Sdk/build/Rules/de/BrowseGeneral.xaml
[2cc4:000a][2022-08-22T15:44:19] C:\Program Files\Microsoft Visual Studio\2022\Community\MSBuild\Sdks\Microsoft.Docker.Sdk\build\Rules\de\BrowseGeneral.xaml file deleted.
[2cc4:000a][2022-08-22T15:44:19] Processing file /$MSBuild/Sdks/Microsoft.Docker.Sdk/build/Rules/de/DebuggerGeneral.xaml
[2cc4:000a][2022-08-22T15:44:19] C:\Program Files\Microsoft Visual Studio\2022\Community\MSBuild\Sdks\Microsoft.Docker.Sdk\build\Rules\de\DebuggerGeneral.xaml file deleted.
[2cc4:000a][2022-08-22T15:44:19] Processing file /$MSBuild/Sdks/Microsoft.Docker.Sdk/build/Rules/de/Folder.xaml
[2cc4:000a][2022-08-22T15:44:19] C:\Program Files\Microsoft Visual Studio\2022\Community\MSBuild\Sdks\Microsoft.Docker.Sdk\build\Rules\de\Folder.xaml file deleted.
[2cc4:000a][2022-08-22T15:44:19] Processing file /$MSBuild/Sdks/Microsoft.Docker.Sdk/build/Rules/de/General.xaml
[2cc4:000a][2022-08-22T15:44:19] C:\Program Files\Microsoft Visual Studio\2022\Community\MSBuild\Sdks\Microsoft.Docker.Sdk\build\Rules\de\General.xaml file deleted.
[2cc4:000a][2022-08-22T15:44:19] Processing file /$MSBuild/Sdks/Microsoft.Docker.Sdk/build/Rules/de/None.xaml
[2cc4:000a][2022-08-22T15:44:19] C:\Program Files\Microsoft Visual Studio\2022\Community\MSBuild\Sdks\Microsoft.Docker.Sdk\build\Rules\de\None.xaml file deleted.
[2cc4:000a][2022-08-22T15:44:19] Processing file /$MSBuild/Sdks/Microsoft.Docker.Sdk/build/Rules/de/ProjectDebugger.xaml
[2cc4:000a][2022-08-22T15:44:19] C:\Program Files\Microsoft Visual Studio\2022\Community\MSBuild\Sdks\Microsoft.Docker.Sdk\build\Rules\de\ProjectDebugger.xaml file deleted.
[2cc4:000a][2022-08-22T15:44:19] Processing file /$MSBuild/Sdks/Microsoft.Docker.Sdk/build/Rules/de/ProjectItemsSchema.xaml
[2cc4:000a][2022-08-22T15:44:19] C:\Program Files\Microsoft Visual Studio\2022\Community\MSBuild\Sdks\Microsoft.Docker.Sdk\build\Rules\de\ProjectItemsSchema.xaml file deleted.
[2cc4:000a][2022-08-22T15:44:19] Processing file /$MSBuild/Sdks/Microsoft.Docker.Sdk/build/Rules/es/BrowseGeneral.xaml
[2cc4:000a][2022-08-22T15:44:19] C:\Program Files\Microsoft Visual Studio\2022\Community\MSBuild\Sdks\Microsoft.Docker.Sdk\build\Rules\es\BrowseGeneral.xaml file deleted.
[2cc4:000a][2022-08-22T15:44:19] Processing file /$MSBuild/Sdks/Microsoft.Docker.Sdk/build/Rules/es/DebuggerGeneral.xaml
[2cc4:000a][2022-08-22T15:44:19] C:\Program Files\Microsoft Visual Studio\2022\Community\MSBuild\Sdks\Microsoft.Docker.Sdk\build\Rules\es\DebuggerGeneral.xaml file deleted.
[2cc4:000a][2022-08-22T15:44:19] Processing file /$MSBuild/Sdks/Microsoft.Docker.Sdk/build/Rules/es/Folder.xaml
[2cc4:000a][2022-08-22T15:44:19] C:\Program Files\Microsoft Visual Studio\2022\Community\MSBuild\Sdks\Microsoft.Docker.Sdk\build\Rules\es\Folder.xaml file deleted.
[2cc4:000a][2022-08-22T15:44:19] Processing file /$MSBuild/Sdks/Microsoft.Docker.Sdk/build/Rules/es/General.xaml
[2cc4:000a][2022-08-22T15:44:19] C:\Program Files\Microsoft Visual Studio\2022\Community\MSBuild\Sdks\Microsoft.Docker.Sdk\build\Rules\es\General.xaml file deleted.
[2cc4:000a][2022-08-22T15:44:19] Processing file /$MSBuild/Sdks/Microsoft.Docker.Sdk/build/Rules/es/None.xaml
[2cc4:000a][2022-08-22T15:44:19] C:\Program Files\Microsoft Visual Studio\2022\Community\MSBuild\Sdks\Microsoft.Docker.Sdk\build\Rules\es\None.xaml file deleted.
[2cc4:000a][2022-08-22T15:44:19] Processing file /$MSBuild/Sdks/Microsoft.Docker.Sdk/build/Rules/es/ProjectDebugger.xaml
[2cc4:000a][2022-08-22T15:44:19] C:\Program Files\Microsoft Visual Studio\2022\Community\MSBuild\Sdks\Microsoft.Docker.Sdk\build\Rules\es\ProjectDebugger.xaml file deleted.
[2cc4:000a][2022-08-22T15:44:19] Processing file /$MSBuild/Sdks/Microsoft.Docker.Sdk/build/Rules/es/ProjectItemsSchema.xaml
[2cc4:000a][2022-08-22T15:44:19] C:\Program Files\Microsoft Visual Studio\2022\Community\MSBuild\Sdks\Microsoft.Docker.Sdk\build\Rules\es\ProjectItemsSchema.xaml file deleted.
[2cc4:000a][2022-08-22T15:44:19] Processing file /$MSBuild/Sdks/Microsoft.Docker.Sdk/build/Rules/fr/BrowseGeneral.xaml
[2cc4:000a][2022-08-22T15:44:19] C:\Program Files\Microsoft Visual Studio\2022\Community\MSBuild\Sdks\Microsoft.Docker.Sdk\build\Rules\fr\BrowseGeneral.xaml file deleted.
[2cc4:000a][2022-08-22T15:44:19] Processing file /$MSBuild/Sdks/Microsoft.Docker.Sdk/build/Rules/fr/DebuggerGeneral.xaml
[2cc4:000a][2022-08-22T15:44:19] C:\Program Files\Microsoft Visual Studio\2022\Community\MSBuild\Sdks\Microsoft.Docker.Sdk\build\Rules\fr\DebuggerGeneral.xaml file deleted.
[2cc4:000a][2022-08-22T15:44:19] Processing file /$MSBuild/Sdks/Microsoft.Docker.Sdk/build/Rules/fr/Folder.xaml
[2cc4:000a][2022-08-22T15:44:19] C:\Program Files\Microsoft Visual Studio\2022\Community\MSBuild\Sdks\Microsoft.Docker.Sdk\build\Rules\fr\Folder.xaml file deleted.
[2cc4:000a][2022-08-22T15:44:19] Processing file /$MSBuild/Sdks/Microsoft.Docker.Sdk/build/Rules/fr/General.xaml
[2cc4:000a][2022-08-22T15:44:19] C:\Program Files\Microsoft Visual Studio\2022\Community\MSBuild\Sdks\Microsoft.Docker.Sdk\build\Rules\fr\General.xaml file deleted.
[2cc4:000a][2022-08-22T15:44:19] Processing file /$MSBuild/Sdks/Microsoft.Docker.Sdk/build/Rules/fr/None.xaml
[2cc4:000a][2022-08-22T15:44:19] C:\Program Files\Microsoft Visual Studio\2022\Community\MSBuild\Sdks\Microsoft.Docker.Sdk\build\Rules\fr\None.xaml file deleted.
[2cc4:000a][2022-08-22T15:44:19] Processing file /$MSBuild/Sdks/Microsoft.Docker.Sdk/build/Rules/fr/ProjectDebugger.xaml
[2cc4:000a][2022-08-22T15:44:19] C:\Program Files\Microsoft Visual Studio\2022\Community\MSBuild\Sdks\Microsoft.Docker.Sdk\build\Rules\fr\ProjectDebugger.xaml file deleted.
[2cc4:000a][2022-08-22T15:44:19] Processing file /$MSBuild/Sdks/Microsoft.Docker.Sdk/build/Rules/fr/ProjectItemsSchema.xaml
[2cc4:000a][2022-08-22T15:44:19] C:\Program Files\Microsoft Visual Studio\2022\Community\MSBuild\Sdks\Microsoft.Docker.Sdk\build\Rules\fr\ProjectItemsSchema.xaml file deleted.
[2cc4:000a][2022-08-22T15:44:19] Processing file /$MSBuild/Sdks/Microsoft.Docker.Sdk/build/Rules/it/BrowseGeneral.xaml
[2cc4:000a][2022-08-22T15:44:19] C:\Program Files\Microsoft Visual Studio\2022\Community\MSBuild\Sdks\Microsoft.Docker.Sdk\build\Rules\it\BrowseGeneral.xaml file deleted.
[2cc4:000a][2022-08-22T15:44:19] Processing file /$MSBuild/Sdks/Microsoft.Docker.Sdk/build/Rules/it/DebuggerGeneral.xaml
[2cc4:000a][2022-08-22T15:44:19] C:\Program Files\Microsoft Visual Studio\2022\Community\MSBuild\Sdks\Microsoft.Docker.Sdk\build\Rules\it\DebuggerGeneral.xaml file deleted.
[2cc4:000a][2022-08-22T15:44:19] Processing file /$MSBuild/Sdks/Microsoft.Docker.Sdk/build/Rules/it/Folder.xaml
[2cc4:000a][2022-08-22T15:44:19] C:\Program Files\Microsoft Visual Studio\2022\Community\MSBuild\Sdks\Microsoft.Docker.Sdk\build\Rules\it\Folder.xaml file deleted.
[2cc4:000a][2022-08-22T15:44:19] Processing file /$MSBuild/Sdks/Microsoft.Docker.Sdk/build/Rules/it/General.xaml
[2cc4:000a][2022-08-22T15:44:19] C:\Program Files\Microsoft Visual Studio\2022\Community\MSBuild\Sdks\Microsoft.Docker.Sdk\build\Rules\it\General.xaml file deleted.
[2cc4:000a][2022-08-22T15:44:19] Processing file /$MSBuild/Sdks/Microsoft.Docker.Sdk/build/Rules/it/None.xaml
[2cc4:000a][2022-08-22T15:44:19] C:\Program Files\Microsoft Visual Studio\2022\Community\MSBuild\Sdks\Microsoft.Docker.Sdk\build\Rules\it\None.xaml file deleted.
[2cc4:000a][2022-08-22T15:44:19] Processing file /$MSBuild/Sdks/Microsoft.Docker.Sdk/build/Rules/it/ProjectDebugger.xaml
[2cc4:000a][2022-08-22T15:44:19] C:\Program Files\Microsoft Visual Studio\2022\Community\MSBuild\Sdks\Microsoft.Docker.Sdk\build\Rules\it\ProjectDebugger.xaml file deleted.
[2cc4:000a][2022-08-22T15:44:19] Processing file /$MSBuild/Sdks/Microsoft.Docker.Sdk/build/Rules/it/ProjectItemsSchema.xaml
[2cc4:000a][2022-08-22T15:44:19] C:\Program Files\Microsoft Visual Studio\2022\Community\MSBuild\Sdks\Microsoft.Docker.Sdk\build\Rules\it\ProjectItemsSchema.xaml file deleted.
[2cc4:000a][2022-08-22T15:44:19] Processing file /$MSBuild/Sdks/Microsoft.Docker.Sdk/build/Rules/ja/BrowseGeneral.xaml
[2cc4:000a][2022-08-22T15:44:19] C:\Program Files\Microsoft Visual Studio\2022\Community\MSBuild\Sdks\Microsoft.Docker.Sdk\build\Rules\ja\BrowseGeneral.xaml file deleted.
[2cc4:000a][2022-08-22T15:44:19] Processing file /$MSBuild/Sdks/Microsoft.Docker.Sdk/build/Rules/ja/DebuggerGeneral.xaml
[2cc4:000a][2022-08-22T15:44:19] C:\Program Files\Microsoft Visual Studio\2022\Community\MSBuild\Sdks\Microsoft.Docker.Sdk\build\Rules\ja\DebuggerGeneral.xaml file deleted.
[2cc4:000a][2022-08-22T15:44:19] Processing file /$MSBuild/Sdks/Microsoft.Docker.Sdk/build/Rules/ja/Folder.xaml
[2cc4:000a][2022-08-22T15:44:19] C:\Program Files\Microsoft Visual Studio\2022\Community\MSBuild\Sdks\Microsoft.Docker.Sdk\build\Rules\ja\Folder.xaml file deleted.
[2cc4:000a][2022-08-22T15:44:19] Processing file /$MSBuild/Sdks/Microsoft.Docker.Sdk/build/Rules/ja/General.xaml
[2cc4:000a][2022-08-22T15:44:19] C:\Program Files\Microsoft Visual Studio\2022\Community\MSBuild\Sdks\Microsoft.Docker.Sdk\build\Rules\ja\General.xaml file deleted.
[2cc4:000a][2022-08-22T15:44:19] Processing file /$MSBuild/Sdks/Microsoft.Docker.Sdk/build/Rules/ja/None.xaml
[2cc4:000a][2022-08-22T15:44:19] C:\Program Files\Microsoft Visual Studio\2022\Community\MSBuild\Sdks\Microsoft.Docker.Sdk\build\Rules\ja\None.xaml file deleted.
[2cc4:000a][2022-08-22T15:44:19] Processing file /$MSBuild/Sdks/Microsoft.Docker.Sdk/build/Rules/ja/ProjectDebugger.xaml
[2cc4:000a][2022-08-22T15:44:19] C:\Program Files\Microsoft Visual Studio\2022\Community\MSBuild\Sdks\Microsoft.Docker.Sdk\build\Rules\ja\ProjectDebugger.xaml file deleted.
[2cc4:000a][2022-08-22T15:44:19] Processing file /$MSBuild/Sdks/Microsoft.Docker.Sdk/build/Rules/ja/ProjectItemsSchema.xaml
[2cc4:000a][2022-08-22T15:44:19] C:\Program Files\Microsoft Visual Studio\2022\Community\MSBuild\Sdks\Microsoft.Docker.Sdk\build\Rules\ja\ProjectItemsSchema.xaml file deleted.
[2cc4:000a][2022-08-22T15:44:19] Processing file /$MSBuild/Sdks/Microsoft.Docker.Sdk/build/Rules/ko/BrowseGeneral.xaml
[2cc4:000a][2022-08-22T15:44:19] C:\Program Files\Microsoft Visual Studio\2022\Community\MSBuild\Sdks\Microsoft.Docker.Sdk\build\Rules\ko\BrowseGeneral.xaml file deleted.
[2cc4:000a][2022-08-22T15:44:19] Processing file /$MSBuild/Sdks/Microsoft.Docker.Sdk/build/Rules/ko/DebuggerGeneral.xaml
[2cc4:000a][2022-08-22T15:44:19] C:\Program Files\Microsoft Visual Studio\2022\Community\MSBuild\Sdks\Microsoft.Docker.Sdk\build\Rules\ko\DebuggerGeneral.xaml file deleted.
[2cc4:000a][2022-08-22T15:44:19] Processing file /$MSBuild/Sdks/Microsoft.Docker.Sdk/build/Rules/ko/Folder.xaml
[2cc4:000a][2022-08-22T15:44:19] C:\Program Files\Microsoft Visual Studio\2022\Community\MSBuild\Sdks\Microsoft.Docker.Sdk\build\Rules\ko\Folder.xaml file deleted.
[2cc4:000a][2022-08-22T15:44:19] Processing file /$MSBuild/Sdks/Microsoft.Docker.Sdk/build/Rules/ko/General.xaml
[2cc4:000a][2022-08-22T15:44:19] C:\Program Files\Microsoft Visual Studio\2022\Community\MSBuild\Sdks\Microsoft.Docker.Sdk\build\Rules\ko\General.xaml file deleted.
[2cc4:000a][2022-08-22T15:44:19] Processing file /$MSBuild/Sdks/Microsoft.Docker.Sdk/build/Rules/ko/None.xaml
[2cc4:000a][2022-08-22T15:44:19] C:\Program Files\Microsoft Visual Studio\2022\Community\MSBuild\Sdks\Microsoft.Docker.Sdk\build\Rules\ko\None.xaml file deleted.
[2cc4:000a][2022-08-22T15:44:19] Processing file /$MSBuild/Sdks/Microsoft.Docker.Sdk/build/Rules/ko/ProjectDebugger.xaml
[2cc4:000a][2022-08-22T15:44:19] C:\Program Files\Microsoft Visual Studio\2022\Community\MSBuild\Sdks\Microsoft.Docker.Sdk\build\Rules\ko\ProjectDebugger.xaml file deleted.
[2cc4:000a][2022-08-22T15:44:19] Processing file /$MSBuild/Sdks/Microsoft.Docker.Sdk/build/Rules/ko/ProjectItemsSchema.xaml
[2cc4:000a][2022-08-22T15:44:19] C:\Program Files\Microsoft Visual Studio\2022\Community\MSBuild\Sdks\Microsoft.Docker.Sdk\build\Rules\ko\ProjectItemsSchema.xaml file deleted.
[2cc4:000a][2022-08-22T15:44:19] Processing file /$MSBuild/Sdks/Microsoft.Docker.Sdk/build/Rules/pl/BrowseGeneral.xaml
[2cc4:000a][2022-08-22T15:44:19] C:\Program Files\Microsoft Visual Studio\2022\Community\MSBuild\Sdks\Microsoft.Docker.Sdk\build\Rules\pl\BrowseGeneral.xaml file deleted.
[2cc4:000a][2022-08-22T15:44:19] Processing file /$MSBuild/Sdks/Microsoft.Docker.Sdk/build/Rules/pl/DebuggerGeneral.xaml
[2cc4:000a][2022-08-22T15:44:19] C:\Program Files\Microsoft Visual Studio\2022\Community\MSBuild\Sdks\Microsoft.Docker.Sdk\build\Rules\pl\DebuggerGeneral.xaml file deleted.
[2cc4:000a][2022-08-22T15:44:19] Processing file /$MSBuild/Sdks/Microsoft.Docker.Sdk/build/Rules/pl/Folder.xaml
[2cc4:000a][2022-08-22T15:44:19] C:\Program Files\Microsoft Visual Studio\2022\Community\MSBuild\Sdks\Microsoft.Docker.Sdk\build\Rules\pl\Folder.xaml file deleted.
[2cc4:000a][2022-08-22T15:44:19] Processing file /$MSBuild/Sdks/Microsoft.Docker.Sdk/build/Rules/pl/General.xaml
[2cc4:000a][2022-08-22T15:44:19] C:\Program Files\Microsoft Visual Studio\2022\Community\MSBuild\Sdks\Microsoft.Docker.Sdk\build\Rules\pl\General.xaml file deleted.
[2cc4:000a][2022-08-22T15:44:19] Processing file /$MSBuild/Sdks/Microsoft.Docker.Sdk/build/Rules/pl/None.xaml
[2cc4:000a][2022-08-22T15:44:19] C:\Program Files\Microsoft Visual Studio\2022\Community\MSBuild\Sdks\Microsoft.Docker.Sdk\build\Rules\pl\None.xaml file deleted.
[2cc4:000a][2022-08-22T15:44:19] Processing file /$MSBuild/Sdks/Microsoft.Docker.Sdk/build/Rules/pl/ProjectDebugger.xaml
[2cc4:000a][2022-08-22T15:44:19] C:\Program Files\Microsoft Visual Studio\2022\Community\MSBuild\Sdks\Microsoft.Docker.Sdk\build\Rules\pl\ProjectDebugger.xaml file deleted.
[2cc4:000a][2022-08-22T15:44:19] Processing file /$MSBuild/Sdks/Microsoft.Docker.Sdk/build/Rules/pl/ProjectItemsSchema.xaml
[2cc4:000a][2022-08-22T15:44:19] C:\Program Files\Microsoft Visual Studio\2022\Community\MSBuild\Sdks\Microsoft.Docker.Sdk\build\Rules\pl\ProjectItemsSchema.xaml file deleted.
[2cc4:000a][2022-08-22T15:44:19] Processing file /$MSBuild/Sdks/Microsoft.Docker.Sdk/build/Rules/pt-BR/BrowseGeneral.xaml
[2cc4:000a][2022-08-22T15:44:19] C:\Program Files\Microsoft Visual Studio\2022\Community\MSBuild\Sdks\Microsoft.Docker.Sdk\build\Rules\pt-BR\BrowseGeneral.xaml file deleted.
[2cc4:000a][2022-08-22T15:44:19] Processing file /$MSBuild/Sdks/Microsoft.Docker.Sdk/build/Rules/pt-BR/DebuggerGeneral.xaml
[2cc4:000a][2022-08-22T15:44:19] C:\Program Files\Microsoft Visual Studio\2022\Community\MSBuild\Sdks\Microsoft.Docker.Sdk\build\Rules\pt-BR\DebuggerGeneral.xaml file deleted.
[2cc4:000a][2022-08-22T15:44:19] Processing file /$MSBuild/Sdks/Microsoft.Docker.Sdk/build/Rules/pt-BR/Folder.xaml
[2cc4:000a][2022-08-22T15:44:19] C:\Program Files\Microsoft Visual Studio\2022\Community\MSBuild\Sdks\Microsoft.Docker.Sdk\build\Rules\pt-BR\Folder.xaml file deleted.
[2cc4:000a][2022-08-22T15:44:19] Processing file /$MSBuild/Sdks/Microsoft.Docker.Sdk/build/Rules/pt-BR/General.xaml
[2cc4:000a][2022-08-22T15:44:19] C:\Program Files\Microsoft Visual Studio\2022\Community\MSBuild\Sdks\Microsoft.Docker.Sdk\build\Rules\pt-BR\General.xaml file deleted.
[2cc4:000a][2022-08-22T15:44:19] Processing file /$MSBuild/Sdks/Microsoft.Docker.Sdk/build/Rules/pt-BR/None.xaml
[2cc4:000a][2022-08-22T15:44:19] C:\Program Files\Microsoft Visual Studio\2022\Community\MSBuild\Sdks\Microsoft.Docker.Sdk\build\Rules\pt-BR\None.xaml file deleted.
[2cc4:000a][2022-08-22T15:44:19] Processing file /$MSBuild/Sdks/Microsoft.Docker.Sdk/build/Rules/pt-BR/ProjectDebugger.xaml
[2cc4:000a][2022-08-22T15:44:19] C:\Program Files\Microsoft Visual Studio\2022\Community\MSBuild\Sdks\Microsoft.Docker.Sdk\build\Rules\pt-BR\ProjectDebugger.xaml file deleted.
[2cc4:000a][2022-08-22T15:44:19] Processing file /$MSBuild/Sdks/Microsoft.Docker.Sdk/build/Rules/pt-BR/ProjectItemsSchema.xaml
[2cc4:000a][2022-08-22T15:44:19] C:\Program Files\Microsoft Visual Studio\2022\Community\MSBuild\Sdks\Microsoft.Docker.Sdk\build\Rules\pt-BR\ProjectItemsSchema.xaml file deleted.
[2cc4:000a][2022-08-22T15:44:19] Processing file /$MSBuild/Sdks/Microsoft.Docker.Sdk/build/Rules/ru/BrowseGeneral.xaml
[2cc4:000a][2022-08-22T15:44:19] C:\Program Files\Microsoft Visual Studio\2022\Community\MSBuild\Sdks\Microsoft.Docker.Sdk\build\Rules\ru\BrowseGeneral.xaml file deleted.
[2cc4:000a][2022-08-22T15:44:19] Processing file /$MSBuild/Sdks/Microsoft.Docker.Sdk/build/Rules/ru/DebuggerGeneral.xaml
[2cc4:000a][2022-08-22T15:44:19] C:\Program Files\Microsoft Visual Studio\2022\Community\MSBuild\Sdks\Microsoft.Docker.Sdk\build\Rules\ru\DebuggerGeneral.xaml file deleted.
[2cc4:000a][2022-08-22T15:44:19] Processing file /$MSBuild/Sdks/Microsoft.Docker.Sdk/build/Rules/ru/Folder.xaml
[2cc4:000a][2022-08-22T15:44:19] C:\Program Files\Microsoft Visual Studio\2022\Community\MSBuild\Sdks\Microsoft.Docker.Sdk\build\Rules\ru\Folder.xaml file deleted.
[2cc4:000a][2022-08-22T15:44:19] Processing file /$MSBuild/Sdks/Microsoft.Docker.Sdk/build/Rules/ru/General.xaml
[2cc4:000a][2022-08-22T15:44:19] C:\Program Files\Microsoft Visual Studio\2022\Community\MSBuild\Sdks\Microsoft.Docker.Sdk\build\Rules\ru\General.xaml file deleted.
[2cc4:000a][2022-08-22T15:44:19] Processing file /$MSBuild/Sdks/Microsoft.Docker.Sdk/build/Rules/ru/None.xaml
[2cc4:000a][2022-08-22T15:44:19] C:\Program Files\Microsoft Visual Studio\2022\Community\MSBuild\Sdks\Microsoft.Docker.Sdk\build\Rules\ru\None.xaml file deleted.
[2cc4:000a][2022-08-22T15:44:19] Processing file /$MSBuild/Sdks/Microsoft.Docker.Sdk/build/Rules/ru/ProjectDebugger.xaml
[2cc4:000a][2022-08-22T15:44:19] C:\Program Files\Microsoft Visual Studio\2022\Community\MSBuild\Sdks\Microsoft.Docker.Sdk\build\Rules\ru\ProjectDebugger.xaml file deleted.
[2cc4:000a][2022-08-22T15:44:19] Processing file /$MSBuild/Sdks/Microsoft.Docker.Sdk/build/Rules/ru/ProjectItemsSchema.xaml
[2cc4:000a][2022-08-22T15:44:19] C:\Program Files\Microsoft Visual Studio\2022\Community\MSBuild\Sdks\Microsoft.Docker.Sdk\build\Rules\ru\ProjectItemsSchema.xaml file deleted.
[2cc4:000a][2022-08-22T15:44:19] Processing file /$MSBuild/Sdks/Microsoft.Docker.Sdk/build/Rules/tr/BrowseGeneral.xaml
[2cc4:000a][2022-08-22T15:44:19] C:\Program Files\Microsoft Visual Studio\2022\Community\MSBuild\Sdks\Microsoft.Docker.Sdk\build\Rules\tr\BrowseGeneral.xaml file deleted.
[2cc4:000a][2022-08-22T15:44:19] Processing file /$MSBuild/Sdks/Microsoft.Docker.Sdk/build/Rules/tr/DebuggerGeneral.xaml
[2cc4:000a][2022-08-22T15:44:19] C:\Program Files\Microsoft Visual Studio\2022\Community\MSBuild\Sdks\Microsoft.Docker.Sdk\build\Rules\tr\DebuggerGeneral.xaml file deleted.
[2cc4:000a][2022-08-22T15:44:19] Processing file /$MSBuild/Sdks/Microsoft.Docker.Sdk/build/Rules/tr/Folder.xaml
[2cc4:000a][2022-08-22T15:44:19] C:\Program Files\Microsoft Visual Studio\2022\Community\MSBuild\Sdks\Microsoft.Docker.Sdk\build\Rules\tr\Folder.xaml file deleted.
[2cc4:000a][2022-08-22T15:44:19] Processing file /$MSBuild/Sdks/Microsoft.Docker.Sdk/build/Rules/tr/General.xaml
[2cc4:000a][2022-08-22T15:44:19] C:\Program Files\Microsoft Visual Studio\2022\Community\MSBuild\Sdks\Microsoft.Docker.Sdk\build\Rules\tr\General.xaml file deleted.
[2cc4:000a][2022-08-22T15:44:19] Processing file /$MSBuild/Sdks/Microsoft.Docker.Sdk/build/Rules/tr/None.xaml
[2cc4:000a][2022-08-22T15:44:19] C:\Program Files\Microsoft Visual Studio\2022\Community\MSBuild\Sdks\Microsoft.Docker.Sdk\build\Rules\tr\None.xaml file deleted.
[2cc4:000a][2022-08-22T15:44:19] Processing file /$MSBuild/Sdks/Microsoft.Docker.Sdk/build/Rules/tr/ProjectDebugger.xaml
[2cc4:000a][2022-08-22T15:44:19] C:\Program Files\Microsoft Visual Studio\2022\Community\MSBuild\Sdks\Microsoft.Docker.Sdk\build\Rules\tr\ProjectDebugger.xaml file deleted.
[2cc4:000a][2022-08-22T15:44:19] Processing file /$MSBuild/Sdks/Microsoft.Docker.Sdk/build/Rules/tr/ProjectItemsSchema.xaml
[2cc4:000a][2022-08-22T15:44:19] C:\Program Files\Microsoft Visual Studio\2022\Community\MSBuild\Sdks\Microsoft.Docker.Sdk\build\Rules\tr\ProjectItemsSchema.xaml file deleted.
[2cc4:000a][2022-08-22T15:44:19] Processing file /$MSBuild/Sdks/Microsoft.Docker.Sdk/build/Rules/zh-Hans/BrowseGeneral.xaml
[2cc4:000a][2022-08-22T15:44:19] C:\Program Files\Microsoft Visual Studio\2022\Community\MSBuild\Sdks\Microsoft.Docker.Sdk\build\Rules\zh-Hans\BrowseGeneral.xaml file deleted.
[2cc4:000a][2022-08-22T15:44:19] Processing file /$MSBuild/Sdks/Microsoft.Docker.Sdk/build/Rules/zh-Hans/DebuggerGeneral.xaml
[2cc4:000a][2022-08-22T15:44:19] C:\Program Files\Microsoft Visual Studio\2022\Community\MSBuild\Sdks\Microsoft.Docker.Sdk\build\Rules\zh-Hans\DebuggerGeneral.xaml file deleted.
[2cc4:000a][2022-08-22T15:44:19] Processing file /$MSBuild/Sdks/Microsoft.Docker.Sdk/build/Rules/zh-Hans/Folder.xaml
[2cc4:000a][2022-08-22T15:44:19] C:\Program Files\Microsoft Visual Studio\2022\Community\MSBuild\Sdks\Microsoft.Docker.Sdk\build\Rules\zh-Hans\Folder.xaml file deleted.
[2cc4:000a][2022-08-22T15:44:19] Processing file /$MSBuild/Sdks/Microsoft.Docker.Sdk/build/Rules/zh-Hans/General.xaml
[2cc4:000a][2022-08-22T15:44:19] C:\Program Files\Microsoft Visual Studio\2022\Community\MSBuild\Sdks\Microsoft.Docker.Sdk\build\Rules\zh-Hans\General.xaml file deleted.
[2cc4:000a][2022-08-22T15:44:19] Processing file /$MSBuild/Sdks/Microsoft.Docker.Sdk/build/Rules/zh-Hans/None.xaml
[2cc4:000a][2022-08-22T15:44:19] C:\Program Files\Microsoft Visual Studio\2022\Community\MSBuild\Sdks\Microsoft.Docker.Sdk\build\Rules\zh-Hans\None.xaml file deleted.
[2cc4:000a][2022-08-22T15:44:19] Processing file /$MSBuild/Sdks/Microsoft.Docker.Sdk/build/Rules/zh-Hans/ProjectDebugger.xaml
[2cc4:000a][2022-08-22T15:44:19] C:\Program Files\Microsoft Visual Studio\2022\Community\MSBuild\Sdks\Microsoft.Docker.Sdk\build\Rules\zh-Hans\ProjectDebugger.xaml file deleted.
[2cc4:000a][2022-08-22T15:44:19] Processing file /$MSBuild/Sdks/Microsoft.Docker.Sdk/build/Rules/zh-Hans/ProjectItemsSchema.xaml
[2cc4:000a][2022-08-22T15:44:19] C:\Program Files\Microsoft Visual Studio\2022\Community\MSBuild\Sdks\Microsoft.Docker.Sdk\build\Rules\zh-Hans\ProjectItemsSchema.xaml file deleted.
[2cc4:000a][2022-08-22T15:44:19] Processing file /$MSBuild/Sdks/Microsoft.Docker.Sdk/build/Rules/zh-Hant/BrowseGeneral.xaml
[2cc4:000a][2022-08-22T15:44:19] C:\Program Files\Microsoft Visual Studio\2022\Community\MSBuild\Sdks\Microsoft.Docker.Sdk\build\Rules\zh-Hant\BrowseGeneral.xaml file deleted.
[2cc4:000a][2022-08-22T15:44:19] Processing file /$MSBuild/Sdks/Microsoft.Docker.Sdk/build/Rules/zh-Hant/DebuggerGeneral.xaml
[2cc4:000a][2022-08-22T15:44:19] C:\Program Files\Microsoft Visual Studio\2022\Community\MSBuild\Sdks\Microsoft.Docker.Sdk\build\Rules\zh-Hant\DebuggerGeneral.xaml file deleted.
[2cc4:000a][2022-08-22T15:44:19] Processing file /$MSBuild/Sdks/Microsoft.Docker.Sdk/build/Rules/zh-Hant/Folder.xaml
[2cc4:000a][2022-08-22T15:44:19] C:\Program Files\Microsoft Visual Studio\2022\Community\MSBuild\Sdks\Microsoft.Docker.Sdk\build\Rules\zh-Hant\Folder.xaml file deleted.
[2cc4:000a][2022-08-22T15:44:19] Processing file /$MSBuild/Sdks/Microsoft.Docker.Sdk/build/Rules/zh-Hant/General.xaml
[2cc4:000a][2022-08-22T15:44:19] C:\Program Files\Microsoft Visual Studio\2022\Community\MSBuild\Sdks\Microsoft.Docker.Sdk\build\Rules\zh-Hant\General.xaml file deleted.
[2cc4:000a][2022-08-22T15:44:19] Processing file /$MSBuild/Sdks/Microsoft.Docker.Sdk/build/Rules/zh-Hant/None.xaml
[2cc4:000a][2022-08-22T15:44:19] C:\Program Files\Microsoft Visual Studio\2022\Community\MSBuild\Sdks\Microsoft.Docker.Sdk\build\Rules\zh-Hant\None.xaml file deleted.
[2cc4:000a][2022-08-22T15:44:19] Processing file /$MSBuild/Sdks/Microsoft.Docker.Sdk/build/Rules/zh-Hant/ProjectDebugger.xaml
[2cc4:000a][2022-08-22T15:44:19] C:\Program Files\Microsoft Visual Studio\2022\Community\MSBuild\Sdks\Microsoft.Docker.Sdk\build\Rules\zh-Hant\ProjectDebugger.xaml file deleted.
[2cc4:000a][2022-08-22T15:44:19] Processing file /$MSBuild/Sdks/Microsoft.Docker.Sdk/build/Rules/zh-Hant/ProjectItemsSchema.xaml
[2cc4:000a][2022-08-22T15:44:19] C:\Program Files\Microsoft Visual Studio\2022\Community\MSBuild\Sdks\Microsoft.Docker.Sdk\build\Rules\zh-Hant\ProjectItemsSchema.xaml file deleted.
[2cc4:000a][2022-08-22T15:44:19] Processing file /$MSBuild/Sdks/Microsoft.Docker.Sdk/Sdk/Sdk.props
[2cc4:000a][2022-08-22T15:44:19] C:\Program Files\Microsoft Visual Studio\2022\Community\MSBuild\Sdks\Microsoft.Docker.Sdk\Sdk\Sdk.props file deleted.
[2cc4:000a][2022-08-22T15:44:19] Processing file /$MSBuild/Sdks/Microsoft.Docker.Sdk/Sdk/Sdk.targets
[2cc4:000a][2022-08-22T15:44:19] C:\Program Files\Microsoft Visual Studio\2022\Community\MSBuild\Sdks\Microsoft.Docker.Sdk\Sdk\Sdk.targets file deleted.
[2cc4:000a][2022-08-22T15:44:19] Processing file /$MSBuild/Sdks/Microsoft.Docker.Sdk/tools/cs/Microsoft.Docker.BuildTasks.resources.dll
[2cc4:000a][2022-08-22T15:44:19] C:\Program Files\Microsoft Visual Studio\2022\Community\MSBuild\Sdks\Microsoft.Docker.Sdk\tools\cs\Microsoft.Docker.BuildTasks.resources.dll file deleted.
[2cc4:000a][2022-08-22T15:44:19] Processing file /$MSBuild/Sdks/Microsoft.Docker.Sdk/tools/cs/Microsoft.Docker.resources.dll
[2cc4:000a][2022-08-22T15:44:19] C:\Program Files\Microsoft Visual Studio\2022\Community\MSBuild\Sdks\Microsoft.Docker.Sdk\tools\cs\Microsoft.Docker.resources.dll file deleted.
[2cc4:000a][2022-08-22T15:44:19] Processing file /$MSBuild/Sdks/Microsoft.Docker.Sdk/tools/cs/Microsoft.VisualStudio.Containers.Tools.Common.resources.dll
[2cc4:000a][2022-08-22T15:44:19] C:\Program Files\Microsoft Visual Studio\2022\Community\MSBuild\Sdks\Microsoft.Docker.Sdk\tools\cs\Microsoft.VisualStudio.Containers.Tools.Common.resources.dll file deleted.
[2cc4:000a][2022-08-22T15:44:19] Processing file /$MSBuild/Sdks/Microsoft.Docker.Sdk/tools/de/Microsoft.Docker.BuildTasks.resources.dll
[2cc4:000a][2022-08-22T15:44:19] C:\Program Files\Microsoft Visual Studio\2022\Community\MSBuild\Sdks\Microsoft.Docker.Sdk\tools\de\Microsoft.Docker.BuildTasks.resources.dll file deleted.
[2cc4:000a][2022-08-22T15:44:19] Processing file /$MSBuild/Sdks/Microsoft.Docker.Sdk/tools/de/Microsoft.Docker.resources.dll
[2cc4:000a][2022-08-22T15:44:19] C:\Program Files\Microsoft Visual Studio\2022\Community\MSBuild\Sdks\Microsoft.Docker.Sdk\tools\de\Microsoft.Docker.resources.dll file deleted.
[2cc4:000a][2022-08-22T15:44:19] Processing file /$MSBuild/Sdks/Microsoft.Docker.Sdk/tools/de/Microsoft.VisualStudio.Containers.Tools.Common.resources.dll
[2cc4:000a][2022-08-22T15:44:19] C:\Program Files\Microsoft Visual Studio\2022\Community\MSBuild\Sdks\Microsoft.Docker.Sdk\tools\de\Microsoft.VisualStudio.Containers.Tools.Common.resources.dll file deleted.
[2cc4:000a][2022-08-22T15:44:19] Processing file /$MSBuild/Sdks/Microsoft.Docker.Sdk/tools/es/Microsoft.Docker.BuildTasks.resources.dll
[2cc4:000a][2022-08-22T15:44:19] C:\Program Files\Microsoft Visual Studio\2022\Community\MSBuild\Sdks\Microsoft.Docker.Sdk\tools\es\Microsoft.Docker.BuildTasks.resources.dll file deleted.
[2cc4:000a][2022-08-22T15:44:19] Processing file /$MSBuild/Sdks/Microsoft.Docker.Sdk/tools/es/Microsoft.Docker.resources.dll
[2cc4:000a][2022-08-22T15:44:19] C:\Program Files\Microsoft Visual Studio\2022\Community\MSBuild\Sdks\Microsoft.Docker.Sdk\tools\es\Microsoft.Docker.resources.dll file deleted.
[2cc4:000a][2022-08-22T15:44:19] Processing file /$MSBuild/Sdks/Microsoft.Docker.Sdk/tools/es/Microsoft.VisualStudio.Containers.Tools.Common.resources.dll
[2cc4:000a][2022-08-22T15:44:19] C:\Program Files\Microsoft Visual Studio\2022\Community\MSBuild\Sdks\Microsoft.Docker.Sdk\tools\es\Microsoft.VisualStudio.Containers.Tools.Common.resources.dll file deleted.
[2cc4:000a][2022-08-22T15:44:19] Processing file /$MSBuild/Sdks/Microsoft.Docker.Sdk/tools/fr/Microsoft.Docker.BuildTasks.resources.dll
[2cc4:000a][2022-08-22T15:44:19] C:\Program Files\Microsoft Visual Studio\2022\Community\MSBuild\Sdks\Microsoft.Docker.Sdk\tools\fr\Microsoft.Docker.BuildTasks.resources.dll file deleted.
[2cc4:000a][2022-08-22T15:44:19] Processing file /$MSBuild/Sdks/Microsoft.Docker.Sdk/tools/fr/Microsoft.Docker.resources.dll
[2cc4:000a][2022-08-22T15:44:19] C:\Program Files\Microsoft Visual Studio\2022\Community\MSBuild\Sdks\Microsoft.Docker.Sdk\tools\fr\Microsoft.Docker.resources.dll file deleted.
[2cc4:000a][2022-08-22T15:44:19] Processing file /$MSBuild/Sdks/Microsoft.Docker.Sdk/tools/fr/Microsoft.VisualStudio.Containers.Tools.Common.resources.dll
[2cc4:000a][2022-08-22T15:44:19] C:\Program Files\Microsoft Visual Studio\2022\Community\MSBuild\Sdks\Microsoft.Docker.Sdk\tools\fr\Microsoft.VisualStudio.Containers.Tools.Common.resources.dll file deleted.
[2cc4:000a][2022-08-22T15:44:19] Processing file /$MSBuild/Sdks/Microsoft.Docker.Sdk/tools/it/Microsoft.Docker.BuildTasks.resources.dll
[2cc4:000a][2022-08-22T15:44:19] C:\Program Files\Microsoft Visual Studio\2022\Community\MSBuild\Sdks\Microsoft.Docker.Sdk\tools\it\Microsoft.Docker.BuildTasks.resources.dll file deleted.
[2cc4:000a][2022-08-22T15:44:19] Processing file /$MSBuild/Sdks/Microsoft.Docker.Sdk/tools/it/Microsoft.Docker.resources.dll
[2cc4:000a][2022-08-22T15:44:19] C:\Program Files\Microsoft Visual Studio\2022\Community\MSBuild\Sdks\Microsoft.Docker.Sdk\tools\it\Microsoft.Docker.resources.dll file deleted.
[2cc4:000a][2022-08-22T15:44:19] Processing file /$MSBuild/Sdks/Microsoft.Docker.Sdk/tools/it/Microsoft.VisualStudio.Containers.Tools.Common.resources.dll
[2cc4:000a][2022-08-22T15:44:19] C:\Program Files\Microsoft Visual Studio\2022\Community\MSBuild\Sdks\Microsoft.Docker.Sdk\tools\it\Microsoft.VisualStudio.Containers.Tools.Common.resources.dll file deleted.
[2cc4:000a][2022-08-22T15:44:19] Processing file /$MSBuild/Sdks/Microsoft.Docker.Sdk/tools/ja/Microsoft.Docker.BuildTasks.resources.dll
[2cc4:000a][2022-08-22T15:44:19] C:\Program Files\Microsoft Visual Studio\2022\Community\MSBuild\Sdks\Microsoft.Docker.Sdk\tools\ja\Microsoft.Docker.BuildTasks.resources.dll file deleted.
[2cc4:000a][2022-08-22T15:44:19] Processing file /$MSBuild/Sdks/Microsoft.Docker.Sdk/tools/ja/Microsoft.Docker.resources.dll
[2cc4:000a][2022-08-22T15:44:19] C:\Program Files\Microsoft Visual Studio\2022\Community\MSBuild\Sdks\Microsoft.Docker.Sdk\tools\ja\Microsoft.Docker.resources.dll file deleted.
[2cc4:000a][2022-08-22T15:44:19] Processing file /$MSBuild/Sdks/Microsoft.Docker.Sdk/tools/ja/Microsoft.VisualStudio.Containers.Tools.Common.resources.dll
[2cc4:000a][2022-08-22T15:44:19] C:\Program Files\Microsoft Visual Studio\2022\Community\MSBuild\Sdks\Microsoft.Docker.Sdk\tools\ja\Microsoft.VisualStudio.Containers.Tools.Common.resources.dll file deleted.
[2cc4:000a][2022-08-22T15:44:19] Processing file /$MSBuild/Sdks/Microsoft.Docker.Sdk/tools/ko/Microsoft.Docker.BuildTasks.resources.dll
[2cc4:000a][2022-08-22T15:44:19] C:\Program Files\Microsoft Visual Studio\2022\Community\MSBuild\Sdks\Microsoft.Docker.Sdk\tools\ko\Microsoft.Docker.BuildTasks.resources.dll file deleted.
[2cc4:000a][2022-08-22T15:44:19] Processing file /$MSBuild/Sdks/Microsoft.Docker.Sdk/tools/ko/Microsoft.Docker.resources.dll
[2cc4:000a][2022-08-22T15:44:19] C:\Program Files\Microsoft Visual Studio\2022\Community\MSBuild\Sdks\Microsoft.Docker.Sdk\tools\ko\Microsoft.Docker.resources.dll file deleted.
[2cc4:000a][2022-08-22T15:44:19] Processing file /$MSBuild/Sdks/Microsoft.Docker.Sdk/tools/ko/Microsoft.VisualStudio.Containers.Tools.Common.resources.dll
[2cc4:000a][2022-08-22T15:44:19] C:\Program Files\Microsoft Visual Studio\2022\Community\MSBuild\Sdks\Microsoft.Docker.Sdk\tools\ko\Microsoft.VisualStudio.Containers.Tools.Common.resources.dll file deleted.
[2cc4:000a][2022-08-22T15:44:19] Processing file /$MSBuild/Sdks/Microsoft.Docker.Sdk/tools/Microsoft.Docker.BuildTasks.pdb
[2cc4:000a][2022-08-22T15:44:19] C:\Program Files\Microsoft Visual Studio\2022\Community\MSBuild\Sdks\Microsoft.Docker.Sdk\tools\Microsoft.Docker.BuildTasks.pdb file deleted.
[2cc4:000a][2022-08-22T15:44:19] Processing file /$MSBuild/Sdks/Microsoft.Docker.Sdk/tools/Microsoft.Docker.pdb
[2cc4:000a][2022-08-22T15:44:19] C:\Program Files\Microsoft Visual Studio\2022\Community\MSBuild\Sdks\Microsoft.Docker.Sdk\tools\Microsoft.Docker.pdb file deleted.
[2cc4:000a][2022-08-22T15:44:19] Processing file /$MSBuild/Sdks/Microsoft.Docker.Sdk/tools/System.Security.Principal.Windows.dll
[2cc4:000a][2022-08-22T15:44:19] C:\Program Files\Microsoft Visual Studio\2022\Community\MSBuild\Sdks\Microsoft.Docker.Sdk\tools\System.Security.Principal.Windows.dll file deleted.
[2cc4:000a][2022-08-22T15:44:19] Processing file /$MSBuild/Sdks/Microsoft.Docker.Sdk/tools/pl/Microsoft.Docker.BuildTasks.resources.dll
[2cc4:000a][2022-08-22T15:44:19] C:\Program Files\Microsoft Visual Studio\2022\Community\MSBuild\Sdks\Microsoft.Docker.Sdk\tools\pl\Microsoft.Docker.BuildTasks.resources.dll file deleted.
[2cc4:000a][2022-08-22T15:44:19] Processing file /$MSBuild/Sdks/Microsoft.Docker.Sdk/tools/pl/Microsoft.Docker.resources.dll
[2cc4:000a][2022-08-22T15:44:19] C:\Program Files\Microsoft Visual Studio\2022\Community\MSBuild\Sdks\Microsoft.Docker.Sdk\tools\pl\Microsoft.Docker.resources.dll file deleted.
[2cc4:000a][2022-08-22T15:44:19] Processing file /$MSBuild/Sdks/Microsoft.Docker.Sdk/tools/pl/Microsoft.VisualStudio.Containers.Tools.Common.resources.dll
[2cc4:000a][2022-08-22T15:44:19] C:\Program Files\Microsoft Visual Studio\2022\Community\MSBuild\Sdks\Microsoft.Docker.Sdk\tools\pl\Microsoft.VisualStudio.Containers.Tools.Common.resources.dll file deleted.
[2cc4:000a][2022-08-22T15:44:19] Processing file /$MSBuild/Sdks/Microsoft.Docker.Sdk/tools/pt-BR/Microsoft.Docker.BuildTasks.resources.dll
[2cc4:000a][2022-08-22T15:44:19] C:\Program Files\Microsoft Visual Studio\2022\Community\MSBuild\Sdks\Microsoft.Docker.Sdk\tools\pt-BR\Microsoft.Docker.BuildTasks.resources.dll file deleted.
[2cc4:000a][2022-08-22T15:44:19] Processing file /$MSBuild/Sdks/Microsoft.Docker.Sdk/tools/pt-BR/Microsoft.Docker.resources.dll
[2cc4:000a][2022-08-22T15:44:19] C:\Program Files\Microsoft Visual Studio\2022\Community\MSBuild\Sdks\Microsoft.Docker.Sdk\tools\pt-BR\Microsoft.Docker.resources.dll file deleted.
[2cc4:000a][2022-08-22T15:44:19] Processing file /$MSBuild/Sdks/Microsoft.Docker.Sdk/tools/pt-BR/Microsoft.VisualStudio.Containers.Tools.Common.resources.dll
[2cc4:000a][2022-08-22T15:44:19] C:\Program Files\Microsoft Visual Studio\2022\Community\MSBuild\Sdks\Microsoft.Docker.Sdk\tools\pt-BR\Microsoft.VisualStudio.Containers.Tools.Common.resources.dll file deleted.
[2cc4:000a][2022-08-22T15:44:19] Processing file /$MSBuild/Sdks/Microsoft.Docker.Sdk/tools/ru/Microsoft.Docker.BuildTasks.resources.dll
[2cc4:000a][2022-08-22T15:44:19] C:\Program Files\Microsoft Visual Studio\2022\Community\MSBuild\Sdks\Microsoft.Docker.Sdk\tools\ru\Microsoft.Docker.BuildTasks.resources.dll file deleted.
[2cc4:000a][2022-08-22T15:44:19] Processing file /$MSBuild/Sdks/Microsoft.Docker.Sdk/tools/ru/Microsoft.Docker.resources.dll
[2cc4:000a][2022-08-22T15:44:19] C:\Program Files\Microsoft Visual Studio\2022\Community\MSBuild\Sdks\Microsoft.Docker.Sdk\tools\ru\Microsoft.Docker.resources.dll file deleted.
[2cc4:000a][2022-08-22T15:44:19] Processing file /$MSBuild/Sdks/Microsoft.Docker.Sdk/tools/ru/Microsoft.VisualStudio.Containers.Tools.Common.resources.dll
[2cc4:000a][2022-08-22T15:44:19] C:\Program Files\Microsoft Visual Studio\2022\Community\MSBuild\Sdks\Microsoft.Docker.Sdk\tools\ru\Microsoft.VisualStudio.Containers.Tools.Common.resources.dll file deleted.
[2cc4:000a][2022-08-22T15:44:19] Processing file /$MSBuild/Sdks/Microsoft.Docker.Sdk/tools/tr/Microsoft.Docker.BuildTasks.resources.dll
[2cc4:000a][2022-08-22T15:44:19] C:\Program Files\Microsoft Visual Studio\2022\Community\MSBuild\Sdks\Microsoft.Docker.Sdk\tools\tr\Microsoft.Docker.BuildTasks.resources.dll file deleted.
[2cc4:000a][2022-08-22T15:44:19] Processing file /$MSBuild/Sdks/Microsoft.Docker.Sdk/tools/tr/Microsoft.Docker.resources.dll
[2cc4:000a][2022-08-22T15:44:19] C:\Program Files\Microsoft Visual Studio\2022\Community\MSBuild\Sdks\Microsoft.Docker.Sdk\tools\tr\Microsoft.Docker.resources.dll file deleted.
[2cc4:000a][2022-08-22T15:44:19] Processing file /$MSBuild/Sdks/Microsoft.Docker.Sdk/tools/tr/Microsoft.VisualStudio.Containers.Tools.Common.resources.dll
[2cc4:000a][2022-08-22T15:44:19] C:\Program Files\Microsoft Visual Studio\2022\Community\MSBuild\Sdks\Microsoft.Docker.Sdk\tools\tr\Microsoft.VisualStudio.Containers.Tools.Common.resources.dll file deleted.
[2cc4:000a][2022-08-22T15:44:19] Processing file /$MSBuild/Sdks/Microsoft.Docker.Sdk/tools/zh-Hans/Microsoft.Docker.BuildTasks.resources.dll
[2cc4:000a][2022-08-22T15:44:19] C:\Program Files\Microsoft Visual Studio\2022\Community\MSBuild\Sdks\Microsoft.Docker.Sdk\tools\zh-Hans\Microsoft.Docker.BuildTasks.resources.dll file deleted.
[2cc4:000a][2022-08-22T15:44:19] Processing file /$MSBuild/Sdks/Microsoft.Docker.Sdk/tools/zh-Hans/Microsoft.Docker.resources.dll
[2cc4:000a][2022-08-22T15:44:19] C:\Program Files\Microsoft Visual Studio\2022\Community\MSBuild\Sdks\Microsoft.Docker.Sdk\tools\zh-Hans\Microsoft.Docker.resources.dll file deleted.
[2cc4:000a][2022-08-22T15:44:19] Processing file /$MSBuild/Sdks/Microsoft.Docker.Sdk/tools/zh-Hans/Microsoft.VisualStudio.Containers.Tools.Common.resources.dll
[2cc4:000a][2022-08-22T15:44:19] C:\Program Files\Microsoft Visual Studio\2022\Community\MSBuild\Sdks\Microsoft.Docker.Sdk\tools\zh-Hans\Microsoft.VisualStudio.Containers.Tools.Common.resources.dll file deleted.
[2cc4:000a][2022-08-22T15:44:19] Processing file /$MSBuild/Sdks/Microsoft.Docker.Sdk/tools/zh-Hant/Microsoft.Docker.BuildTasks.resources.dll
[2cc4:000a][2022-08-22T15:44:19] C:\Program Files\Microsoft Visual Studio\2022\Community\MSBuild\Sdks\Microsoft.Docker.Sdk\tools\zh-Hant\Microsoft.Docker.BuildTasks.resources.dll file deleted.
[2cc4:000a][2022-08-22T15:44:19] Processing file /$MSBuild/Sdks/Microsoft.Docker.Sdk/tools/zh-Hant/Microsoft.Docker.resources.dll
[2cc4:000a][2022-08-22T15:44:19] C:\Program Files\Microsoft Visual Studio\2022\Community\MSBuild\Sdks\Microsoft.Docker.Sdk\tools\zh-Hant\Microsoft.Docker.resources.dll file deleted.
[2cc4:000a][2022-08-22T15:44:19] Processing file /$MSBuild/Sdks/Microsoft.Docker.Sdk/tools/zh-Hant/Microsoft.VisualStudio.Containers.Tools.Common.resources.dll
[2cc4:000a][2022-08-22T15:44:19] C:\Program Files\Microsoft Visual Studio\2022\Community\MSBuild\Sdks\Microsoft.Docker.Sdk\tools\zh-Hant\Microsoft.VisualStudio.Containers.Tools.Common.resources.dll file deleted.
[2cc4:000a][2022-08-22T15:44:19] Processing file /zh-Hans/extension.vsixlangpack
[2cc4:000a][2022-08-22T15:44:19] C:\Program Files\Microsoft Visual Studio\2022\Community\Common7\IDE\Extensions\mjvtqrqo.rby\zh-Hans\extension.vsixlangpack file deleted.
[2cc4:000a][2022-08-22T15:44:19] Processing file /zh-Hant/extension.vsixlangpack
[2cc4:000a][2022-08-22T15:44:19] C:\Program Files\Microsoft Visual Studio\2022\Community\Common7\IDE\Extensions\mjvtqrqo.rby\zh-Hant\extension.vsixlangpack file deleted.
[2cc4:000a][2022-08-22T15:44:19] Processing file /de/extension.vsixlangpack
[2cc4:000a][2022-08-22T15:44:19] C:\Program Files\Microsoft Visual Studio\2022\Community\Common7\IDE\Extensions\mjvtqrqo.rby\de\extension.vsixlangpack file deleted.
[2cc4:000a][2022-08-22T15:44:19] Processing file /es/extension.vsixlangpack
[2cc4:000a][2022-08-22T15:44:19] C:\Program Files\Microsoft Visual Studio\2022\Community\Common7\IDE\Extensions\mjvtqrqo.rby\es\extension.vsixlangpack file deleted.
[2cc4:000a][2022-08-22T15:44:19] Processing file /fr/extension.vsixlangpack
[2cc4:000a][2022-08-22T15:44:19] C:\Program Files\Microsoft Visual Studio\2022\Community\Common7\IDE\Extensions\mjvtqrqo.rby\fr\extension.vsixlangpack file deleted.
[2cc4:000a][2022-08-22T15:44:19] Processing file /it/extension.vsixlangpack
[2cc4:000a][2022-08-22T15:44:19] C:\Program Files\Microsoft Visual Studio\2022\Community\Common7\IDE\Extensions\mjvtqrqo.rby\it\extension.vsixlangpack file deleted.
[2cc4:000a][2022-08-22T15:44:19] Processing file /ja/extension.vsixlangpack
[2cc4:000a][2022-08-22T15:44:19] C:\Program Files\Microsoft Visual Studio\2022\Community\Common7\IDE\Extensions\mjvtqrqo.rby\ja\extension.vsixlangpack file deleted.
[2cc4:000a][2022-08-22T15:44:19] Processing file /ko/extension.vsixlangpack
[2cc4:000a][2022-08-22T15:44:19] C:\Program Files\Microsoft Visual Studio\2022\Community\Common7\IDE\Extensions\mjvtqrqo.rby\ko\extension.vsixlangpack file deleted.
[2cc4:000a][2022-08-22T15:44:19] Processing file /ru/extension.vsixlangpack
[2cc4:000a][2022-08-22T15:44:19] C:\Program Files\Microsoft Visual Studio\2022\Community\Common7\IDE\Extensions\mjvtqrqo.rby\ru\extension.vsixlangpack file deleted.
[2cc4:000a][2022-08-22T15:44:19] Processing file /cs/extension.vsixlangpack
[2cc4:000a][2022-08-22T15:44:19] C:\Program Files\Microsoft Visual Studio\2022\Community\Common7\IDE\Extensions\mjvtqrqo.rby\cs\extension.vsixlangpack file deleted.
[2cc4:000a][2022-08-22T15:44:19] Processing file /pt-BR/extension.vsixlangpack
[2cc4:000a][2022-08-22T15:44:19] C:\Program Files\Microsoft Visual Studio\2022\Community\Common7\IDE\Extensions\mjvtqrqo.rby\pt-BR\extension.vsixlangpack file deleted.
[2cc4:000a][2022-08-22T15:44:19] Processing file /pl/extension.vsixlangpack
[2cc4:000a][2022-08-22T15:44:19] C:\Program Files\Microsoft Visual Studio\2022\Community\Common7\IDE\Extensions\mjvtqrqo.rby\pl\extension.vsixlangpack file deleted.
[2cc4:000a][2022-08-22T15:44:19] Processing file /tr/extension.vsixlangpack
[2cc4:000a][2022-08-22T15:44:19] C:\Program Files\Microsoft Visual Studio\2022\Community\Common7\IDE\Extensions\mjvtqrqo.rby\tr\extension.vsixlangpack file deleted.
[2cc4:000a][2022-08-22T15:44:19] Processing file /$MSBuild/Sdks/Microsoft.Docker.Sdk/tools/YamlDotNet.dll
[2cc4:000a][2022-08-22T15:44:19] C:\Program Files\Microsoft Visual Studio\2022\Community\MSBuild\Sdks\Microsoft.Docker.Sdk\tools\YamlDotNet.dll file deleted.
[2cc4:000a][2022-08-22T15:44:19] Processing file /manifest.json
[2cc4:000a][2022-08-22T15:44:19] C:\Program Files\Microsoft Visual Studio\2022\Community\Common7\IDE\Extensions\mjvtqrqo.rby\manifest.json file deleted.
[2cc4:000a][2022-08-22T15:44:19] Processing file /catalog.json
[2cc4:000a][2022-08-22T15:44:19] C:\Program Files\Microsoft Visual Studio\2022\Community\Common7\IDE\Extensions\mjvtqrqo.rby\catalog.json file deleted.
[2cc4:000a][2022-08-22T15:44:19] Started: Deleting empty directories
[2cc4:000a][2022-08-22T15:44:19] Completed: Deleting empty directories
[2cc4:000a][2022-08-22T15:44:19] Package executed successfully. Return code: 0
