[2cc4:000a][2022-08-22T15:30:04] Using cached package manifest as the embedded manifest
[2cc4:000a][2022-08-22T15:30:04] Processing file /Contents/Common7/IDE/ItemTemplates/CloudService/NETFramework4/Worker Role/Visual C#/3082/ServiceBus/roletemplatedata.xml
[2cc4:000a][2022-08-22T15:30:04] C:\Program Files\Microsoft Visual Studio\2022\Community\Common7\IDE\ItemTemplates\CloudService\NETFramework4\Worker Role\Visual C#\3082\ServiceBus\roletemplatedata.xml file deleted.
[2cc4:000a][2022-08-22T15:30:04] Processing file /Contents/Common7/IDE/ItemTemplates/CloudService/NETFramework4/Worker Role/Visual C#/3082/ServiceBus/SBWorker_CSharp.ico
[2cc4:000a][2022-08-22T15:30:04] C:\Program Files\Microsoft Visual Studio\2022\Community\Common7\IDE\ItemTemplates\CloudService\NETFramework4\Worker Role\Visual C#\3082\ServiceBus\SBWorker_CSharp.ico file deleted.
[2cc4:000a][2022-08-22T15:30:04] Processing file /Contents/Common7/IDE/ItemTemplates/CloudService/NETFramework4/Worker Role/Visual C#/3082/ServiceBus/WorkerRoleWithQueue.vstemplate
[2cc4:000a][2022-08-22T15:30:04] C:\Program Files\Microsoft Visual Studio\2022\Community\Common7\IDE\ItemTemplates\CloudService\NETFramework4\Worker Role\Visual C#\3082\ServiceBus\WorkerRoleWithQueue.vstemplate file deleted.
[2cc4:000a][2022-08-22T15:30:04] Processing file /Contents/Common7/IDE/ItemTemplates/CloudService/NETFramework4/Worker Role/Visual Basic/3082/ServiceBus/roletemplatedata.xml
[2cc4:000a][2022-08-22T15:30:04] C:\Program Files\Microsoft Visual Studio\2022\Community\Common7\IDE\ItemTemplates\CloudService\NETFramework4\Worker Role\Visual Basic\3082\ServiceBus\roletemplatedata.xml file deleted.
[2cc4:000a][2022-08-22T15:30:04] Processing file /Contents/Common7/IDE/ItemTemplates/CloudService/NETFramework4/Worker Role/Visual Basic/3082/ServiceBus/SBWorker_VB.ico
[2cc4:000a][2022-08-22T15:30:04] C:\Program Files\Microsoft Visual Studio\2022\Community\Common7\IDE\ItemTemplates\CloudService\NETFramework4\Worker Role\Visual Basic\3082\ServiceBus\SBWorker_VB.ico file deleted.
[2cc4:000a][2022-08-22T15:30:04] Processing file /Contents/Common7/IDE/ItemTemplates/CloudService/NETFramework4/Worker Role/Visual Basic/3082/ServiceBus/WorkerRoleWithQueue.vstemplate
[2cc4:000a][2022-08-22T15:30:04] C:\Program Files\Microsoft Visual Studio\2022\Community\Common7\IDE\ItemTemplates\CloudService\NETFramework4\Worker Role\Visual Basic\3082\ServiceBus\WorkerRoleWithQueue.vstemplate file deleted.
[2cc4:000a][2022-08-22T15:30:04] Processing file /Contents/Common7/IDE/ProjectTemplates/CSharp/ServiceBus/3082/App.config
[2cc4:000a][2022-08-22T15:30:04] C:\Program Files\Microsoft Visual Studio\2022\Community\Common7\IDE\ProjectTemplates\CSharp\ServiceBus\3082\App.config file deleted.
[2cc4:000a][2022-08-22T15:30:04] Processing file /Contents/Common7/IDE/ProjectTemplates/CSharp/ServiceBus/3082/AssemblyInfo.cs
[2cc4:000a][2022-08-22T15:30:04] C:\Program Files\Microsoft Visual Studio\2022\Community\Common7\IDE\ProjectTemplates\CSharp\ServiceBus\3082\AssemblyInfo.cs file deleted.
[2cc4:000a][2022-08-22T15:30:04] Processing file /Contents/Common7/IDE/ProjectTemplates/CSharp/ServiceBus/3082/SBWorker_CSharp.ico
[2cc4:000a][2022-08-22T15:30:04] C:\Program Files\Microsoft Visual Studio\2022\Community\Common7\IDE\ProjectTemplates\CSharp\ServiceBus\3082\SBWorker_CSharp.ico file deleted.
[2cc4:000a][2022-08-22T15:30:04] Processing file /Contents/Common7/IDE/ProjectTemplates/CSharp/ServiceBus/3082/WorkerRole.cs
[2cc4:000a][2022-08-22T15:30:04] C:\Program Files\Microsoft Visual Studio\2022\Community\Common7\IDE\ProjectTemplates\CSharp\ServiceBus\3082\WorkerRole.cs file deleted.
[2cc4:000a][2022-08-22T15:30:04] Processing file /Contents/Common7/IDE/ProjectTemplates/CSharp/ServiceBus/3082/WorkerRoleWithSBQueueProject.csproj
[2cc4:000a][2022-08-22T15:30:04] C:\Program Files\Microsoft Visual Studio\2022\Community\Common7\IDE\ProjectTemplates\CSharp\ServiceBus\3082\WorkerRoleWithSBQueueProject.csproj file deleted.
[2cc4:000a][2022-08-22T15:30:04] Processing file /Contents/Common7/IDE/ProjectTemplates/CSharp/ServiceBus/3082/WorkerRoleWithSBQueueProject.vstemplate
[2cc4:000a][2022-08-22T15:30:05] C:\Program Files\Microsoft Visual Studio\2022\Community\Common7\IDE\ProjectTemplates\CSharp\ServiceBus\3082\WorkerRoleWithSBQueueProject.vstemplate file deleted.
[2cc4:000a][2022-08-22T15:30:05] Processing file /Contents/Common7/IDE/ProjectTemplates/VisualBasic/ServiceBus/3082/App.config
[2cc4:000a][2022-08-22T15:30:05] C:\Program Files\Microsoft Visual Studio\2022\Community\Common7\IDE\ProjectTemplates\VisualBasic\ServiceBus\3082\App.config file deleted.
[2cc4:000a][2022-08-22T15:30:05] Processing file /Contents/Common7/IDE/ProjectTemplates/VisualBasic/ServiceBus/3082/AssemblyInfo.vb
[2cc4:000a][2022-08-22T15:30:05] C:\Program Files\Microsoft Visual Studio\2022\Community\Common7\IDE\ProjectTemplates\VisualBasic\ServiceBus\3082\AssemblyInfo.vb file deleted.
[2cc4:000a][2022-08-22T15:30:05] Processing file /Contents/Common7/IDE/ProjectTemplates/VisualBasic/ServiceBus/3082/Resources.Designer.vb
[2cc4:000a][2022-08-22T15:30:05] C:\Program Files\Microsoft Visual Studio\2022\Community\Common7\IDE\ProjectTemplates\VisualBasic\ServiceBus\3082\Resources.Designer.vb file deleted.
[2cc4:000a][2022-08-22T15:30:05] Processing file /Contents/Common7/IDE/ProjectTemplates/VisualBasic/ServiceBus/3082/Resources.resx
[2cc4:000a][2022-08-22T15:30:05] C:\Program Files\Microsoft Visual Studio\2022\Community\Common7\IDE\ProjectTemplates\VisualBasic\ServiceBus\3082\Resources.resx file deleted.
[2cc4:000a][2022-08-22T15:30:05] Processing file /Contents/Common7/IDE/ProjectTemplates/VisualBasic/ServiceBus/3082/SBWorker_VB.ico
[2cc4:000a][2022-08-22T15:30:05] C:\Program Files\Microsoft Visual Studio\2022\Community\Common7\IDE\ProjectTemplates\VisualBasic\ServiceBus\3082\SBWorker_VB.ico file deleted.
[2cc4:000a][2022-08-22T15:30:05] Processing file /Contents/Common7/IDE/ProjectTemplates/VisualBasic/ServiceBus/3082/WorkerRole.vb
[2cc4:000a][2022-08-22T15:30:05] C:\Program Files\Microsoft Visual Studio\2022\Community\Common7\IDE\ProjectTemplates\VisualBasic\ServiceBus\3082\WorkerRole.vb file deleted.
[2cc4:000a][2022-08-22T15:30:05] Processing file /Contents/Common7/IDE/ProjectTemplates/VisualBasic/ServiceBus/3082/Settings.Designer.vb
[2cc4:000a][2022-08-22T15:30:05] C:\Program Files\Microsoft Visual Studio\2022\Community\Common7\IDE\ProjectTemplates\VisualBasic\ServiceBus\3082\Settings.Designer.vb file deleted.
[2cc4:000a][2022-08-22T15:30:05] Processing file /Contents/Common7/IDE/ProjectTemplates/VisualBasic/ServiceBus/3082/Settings.settings
[2cc4:000a][2022-08-22T15:30:05] C:\Program Files\Microsoft Visual Studio\2022\Community\Common7\IDE\ProjectTemplates\VisualBasic\ServiceBus\3082\Settings.settings file deleted.
[2cc4:000a][2022-08-22T15:30:05] Processing file /Contents/Common7/IDE/ProjectTemplates/VisualBasic/ServiceBus/3082/WorkerRoleWithQueue.vbproj
[2cc4:000a][2022-08-22T15:30:05] C:\Program Files\Microsoft Visual Studio\2022\Community\Common7\IDE\ProjectTemplates\VisualBasic\ServiceBus\3082\WorkerRoleWithQueue.vbproj file deleted.
[2cc4:000a][2022-08-22T15:30:05] Processing file /Contents/Common7/IDE/ProjectTemplates/VisualBasic/ServiceBus/3082/WorkerRoleWithSBQueueProject.vstemplate
[2cc4:000a][2022-08-22T15:30:05] C:\Program Files\Microsoft Visual Studio\2022\Community\Common7\IDE\ProjectTemplates\VisualBasic\ServiceBus\3082\WorkerRoleWithSBQueueProject.vstemplate file deleted.
[2cc4:000a][2022-08-22T15:30:05] Processing file /Contents/Common7/IDE/ProjectTemplates/CSharp/Windows/3082/assemblyinfo.cs
[2cc4:000a][2022-08-22T15:30:05] C:\Program Files\Microsoft Visual Studio\2022\Community\Common7\IDE\ProjectTemplates\CSharp\Windows\3082\assemblyinfo.cs file deleted.
[2cc4:000a][2022-08-22T15:30:05] Processing file /Contents/Common7/IDE/ProjectTemplates/CSharp/Windows/3082/ClassLibrary_WorkerRole.vstemplate
[2cc4:000a][2022-08-22T15:30:05] C:\Program Files\Microsoft Visual Studio\2022\Community\Common7\IDE\ProjectTemplates\CSharp\Windows\3082\ClassLibrary_WorkerRole.vstemplate file deleted.
[2cc4:000a][2022-08-22T15:30:05] Processing file /Contents/Common7/IDE/ProjectTemplates/CSharp/Windows/3082/classlibrary.csproj
[2cc4:000a][2022-08-22T15:30:05] C:\Program Files\Microsoft Visual Studio\2022\Community\Common7\IDE\ProjectTemplates\CSharp\Windows\3082\classlibrary.csproj file deleted.
[2cc4:000a][2022-08-22T15:30:05] Processing file /Contents/Common7/IDE/ProjectTemplates/VisualBasic/Windows/3082/assemblyinfo.vb
[2cc4:000a][2022-08-22T15:30:05] C:\Program Files\Microsoft Visual Studio\2022\Community\Common7\IDE\ProjectTemplates\VisualBasic\Windows\3082\assemblyinfo.vb file deleted.
[2cc4:000a][2022-08-22T15:30:05] Processing file /Contents/Common7/IDE/ProjectTemplates/VisualBasic/Windows/3082/classlibrary.vbproj
[2cc4:000a][2022-08-22T15:30:05] C:\Program Files\Microsoft Visual Studio\2022\Community\Common7\IDE\ProjectTemplates\VisualBasic\Windows\3082\classlibrary.vbproj file deleted.
[2cc4:000a][2022-08-22T15:30:05] Processing file /Contents/Common7/IDE/ProjectTemplates/VisualBasic/Windows/3082/ClassLibrary_WorkerRole.vstemplate
[2cc4:000a][2022-08-22T15:30:05] C:\Program Files\Microsoft Visual Studio\2022\Community\Common7\IDE\ProjectTemplates\VisualBasic\Windows\3082\ClassLibrary_WorkerRole.vstemplate file deleted.
[2cc4:000a][2022-08-22T15:30:05] Processing file /Contents/Common7/IDE/ProjectTemplates/VisualBasic/Windows/3082/MyApplication.Designer.vb
[2cc4:000a][2022-08-22T15:30:05] C:\Program Files\Microsoft Visual Studio\2022\Community\Common7\IDE\ProjectTemplates\VisualBasic\Windows\3082\MyApplication.Designer.vb file deleted.
[2cc4:000a][2022-08-22T15:30:05] Processing file /Contents/Common7/IDE/ProjectTemplates/VisualBasic/Windows/3082/MyApplication.myapp
[2cc4:000a][2022-08-22T15:30:05] C:\Program Files\Microsoft Visual Studio\2022\Community\Common7\IDE\ProjectTemplates\VisualBasic\Windows\3082\MyApplication.myapp file deleted.
[2cc4:000a][2022-08-22T15:30:05] Processing file /Contents/Common7/IDE/ProjectTemplates/VisualBasic/Windows/3082/Resources.Designer.vb
[2cc4:000a][2022-08-22T15:30:05] C:\Program Files\Microsoft Visual Studio\2022\Community\Common7\IDE\ProjectTemplates\VisualBasic\Windows\3082\Resources.Designer.vb file deleted.
[2cc4:000a][2022-08-22T15:30:05] Processing file /Contents/Common7/IDE/ProjectTemplates/VisualBasic/Windows/3082/Resources.resx
[2cc4:000a][2022-08-22T15:30:05] C:\Program Files\Microsoft Visual Studio\2022\Community\Common7\IDE\ProjectTemplates\VisualBasic\Windows\3082\Resources.resx file deleted.
[2cc4:000a][2022-08-22T15:30:05] Processing file /Contents/Common7/IDE/ProjectTemplates/VisualBasic/Windows/3082/Settings.Designer.vb
[2cc4:000a][2022-08-22T15:30:05] C:\Program Files\Microsoft Visual Studio\2022\Community\Common7\IDE\ProjectTemplates\VisualBasic\Windows\3082\Settings.Designer.vb file deleted.
[2cc4:000a][2022-08-22T15:30:05] Processing file /Contents/Common7/IDE/ProjectTemplates/VisualBasic/Windows/3082/Settings.settings
[2cc4:000a][2022-08-22T15:30:05] C:\Program Files\Microsoft Visual Studio\2022\Community\Common7\IDE\ProjectTemplates\VisualBasic\Windows\3082\Settings.settings file deleted.
[2cc4:000a][2022-08-22T15:30:05] Processing file /Contents/Common7/IDE/ItemTemplates/CloudServiceItems/General/3082/TextFile.txt
[2cc4:000a][2022-08-22T15:30:05] C:\Program Files\Microsoft Visual Studio\2022\Community\Common7\IDE\ItemTemplates\CloudServiceItems\General\3082\TextFile.txt file deleted.
[2cc4:000a][2022-08-22T15:30:05] Processing file /Contents/Common7/IDE/ItemTemplates/CloudServiceItems/General/3082/TextFile.vstemplate
[2cc4:000a][2022-08-22T15:30:05] C:\Program Files\Microsoft Visual Studio\2022\Community\Common7\IDE\ItemTemplates\CloudServiceItems\General\3082\TextFile.vstemplate file deleted.
[2cc4:000a][2022-08-22T15:30:05] Processing file /Contents/Common7/IDE/ItemTemplates/CloudServiceItems/Data/3082/Diagnostics.wadcfgx
[2cc4:000a][2022-08-22T15:30:05] C:\Program Files\Microsoft Visual Studio\2022\Community\Common7\IDE\ItemTemplates\CloudServiceItems\Data\3082\Diagnostics.wadcfgx file deleted.
[2cc4:000a][2022-08-22T15:30:05] Processing file /Contents/Common7/IDE/ItemTemplates/CloudServiceItems/Data/3082/WadcfgFile.vstemplate
[2cc4:000a][2022-08-22T15:30:05] C:\Program Files\Microsoft Visual Studio\2022\Community\Common7\IDE\ItemTemplates\CloudServiceItems\Data\3082\WadcfgFile.vstemplate file deleted.
[2cc4:000a][2022-08-22T15:30:05] Processing file /Contents/Common7/IDE/ItemTemplates/CloudServiceItems/Data/3082/XMLFile.vstemplate
[2cc4:000a][2022-08-22T15:30:05] C:\Program Files\Microsoft Visual Studio\2022\Community\Common7\IDE\ItemTemplates\CloudServiceItems\Data\3082\XMLFile.vstemplate file deleted.
[2cc4:000a][2022-08-22T15:30:05] Processing file /Contents/Common7/IDE/ItemTemplates/CloudServiceItems/Data/3082/XMLFile.xml
[2cc4:000a][2022-08-22T15:30:05] C:\Program Files\Microsoft Visual Studio\2022\Community\Common7\IDE\ItemTemplates\CloudServiceItems\Data\3082\XMLFile.xml file deleted.
[2cc4:000a][2022-08-22T15:30:05] Processing file /Contents/Common7/IDE/ItemTemplates/CloudService/NETFramework4/Web Role/Visual C#/3082/WebRole_cs40/roletemplatedata.xml
[2cc4:000a][2022-08-22T15:30:05] C:\Program Files\Microsoft Visual Studio\2022\Community\Common7\IDE\ItemTemplates\CloudService\NETFramework4\Web Role\Visual C#\3082\WebRole_cs40\roletemplatedata.xml file deleted.
[2cc4:000a][2022-08-22T15:30:05] Processing file /Contents/Common7/IDE/ItemTemplates/CloudService/NETFramework4/Web Role/Visual C#/3082/WebRole_cs40/WebApplicationProject.vstemplate
[2cc4:000a][2022-08-22T15:30:05] C:\Program Files\Microsoft Visual Studio\2022\Community\Common7\IDE\ItemTemplates\CloudService\NETFramework4\Web Role\Visual C#\3082\WebRole_cs40\WebApplicationProject.vstemplate file deleted.
[2cc4:000a][2022-08-22T15:30:05] Processing file /Contents/Common7/IDE/ItemTemplates/CloudService/NETFramework4/Web Role/Visual C#/3082/WebRole_cs40/WebRole.cs
[2cc4:000a][2022-08-22T15:30:05] C:\Program Files\Microsoft Visual Studio\2022\Community\Common7\IDE\ItemTemplates\CloudService\NETFramework4\Web Role\Visual C#\3082\WebRole_cs40\WebRole.cs file deleted.
[2cc4:000a][2022-08-22T15:30:05] Processing file /Contents/Common7/IDE/ItemTemplates/CloudService/NETFramework4/Web Role/Visual C#/3082/WebRole_cs40/webrole_cs.ico
[2cc4:000a][2022-08-22T15:30:05] C:\Program Files\Microsoft Visual Studio\2022\Community\Common7\IDE\ItemTemplates\CloudService\NETFramework4\Web Role\Visual C#\3082\WebRole_cs40\webrole_cs.ico file deleted.
[2cc4:000a][2022-08-22T15:30:05] Processing file /Contents/Common7/IDE/ItemTemplates/CloudService/NETFramework4/Web Role/Visual Basic/3082/WebRole_vb40/roletemplatedata.xml
[2cc4:000a][2022-08-22T15:30:05] C:\Program Files\Microsoft Visual Studio\2022\Community\Common7\IDE\ItemTemplates\CloudService\NETFramework4\Web Role\Visual Basic\3082\WebRole_vb40\roletemplatedata.xml file deleted.
[2cc4:000a][2022-08-22T15:30:05] Processing file /Contents/Common7/IDE/ItemTemplates/CloudService/NETFramework4/Web Role/Visual Basic/3082/WebRole_vb40/WebApplicationProject.vstemplate
[2cc4:000a][2022-08-22T15:30:05] C:\Program Files\Microsoft Visual Studio\2022\Community\Common7\IDE\ItemTemplates\CloudService\NETFramework4\Web Role\Visual Basic\3082\WebRole_vb40\WebApplicationProject.vstemplate file deleted.
[2cc4:000a][2022-08-22T15:30:05] Processing file /Contents/Common7/IDE/ItemTemplates/CloudService/NETFramework4/Web Role/Visual Basic/3082/WebRole_vb40/WebRole.vb
[2cc4:000a][2022-08-22T15:30:05] C:\Program Files\Microsoft Visual Studio\2022\Community\Common7\IDE\ItemTemplates\CloudService\NETFramework4\Web Role\Visual Basic\3082\WebRole_vb40\WebRole.vb file deleted.
[2cc4:000a][2022-08-22T15:30:05] Processing file /Contents/Common7/IDE/ItemTemplates/CloudService/NETFramework4/Web Role/Visual Basic/3082/WebRole_vb40/webrole_vb.ico
[2cc4:000a][2022-08-22T15:30:05] C:\Program Files\Microsoft Visual Studio\2022\Community\Common7\IDE\ItemTemplates\CloudService\NETFramework4\Web Role\Visual Basic\3082\WebRole_vb40\webrole_vb.ico file deleted.
[2cc4:000a][2022-08-22T15:30:05] Processing file /Contents/Common7/IDE/ItemTemplates/CloudService/NETFramework4/Web Role/Visual C#/3082/WebRoleWcf_cs40/roletemplatedata.xml
[2cc4:000a][2022-08-22T15:30:05] C:\Program Files\Microsoft Visual Studio\2022\Community\Common7\IDE\ItemTemplates\CloudService\NETFramework4\Web Role\Visual C#\3082\WebRoleWcf_cs40\roletemplatedata.xml file deleted.
[2cc4:000a][2022-08-22T15:30:05] Processing file /Contents/Common7/IDE/ItemTemplates/CloudService/NETFramework4/Web Role/Visual C#/3082/WebRoleWcf_cs40/WcfWebRole.vstemplate
[2cc4:000a][2022-08-22T15:30:05] C:\Program Files\Microsoft Visual Studio\2022\Community\Common7\IDE\ItemTemplates\CloudService\NETFramework4\Web Role\Visual C#\3082\WebRoleWcf_cs40\WcfWebRole.vstemplate file deleted.
[2cc4:000a][2022-08-22T15:30:05] Processing file /Contents/Common7/IDE/ItemTemplates/CloudService/NETFramework4/Web Role/Visual C#/3082/WebRoleWcf_cs40/Web.config
[2cc4:000a][2022-08-22T15:30:05] C:\Program Files\Microsoft Visual Studio\2022\Community\Common7\IDE\ItemTemplates\CloudService\NETFramework4\Web Role\Visual C#\3082\WebRoleWcf_cs40\Web.config file deleted.
[2cc4:000a][2022-08-22T15:30:05] Processing file /Contents/Common7/IDE/ItemTemplates/CloudService/NETFramework4/Web Role/Visual C#/3082/WebRoleWcf_cs40/WebRole.cs
[2cc4:000a][2022-08-22T15:30:05] C:\Program Files\Microsoft Visual Studio\2022\Community\Common7\IDE\ItemTemplates\CloudService\NETFramework4\Web Role\Visual C#\3082\WebRoleWcf_cs40\WebRole.cs file deleted.
[2cc4:000a][2022-08-22T15:30:05] Processing file /Contents/Common7/IDE/ItemTemplates/CloudService/NETFramework4/Web Role/Visual Basic/3082/WebRoleWcf_vb40/roletemplatedata.xml
[2cc4:000a][2022-08-22T15:30:05] C:\Program Files\Microsoft Visual Studio\2022\Community\Common7\IDE\ItemTemplates\CloudService\NETFramework4\Web Role\Visual Basic\3082\WebRoleWcf_vb40\roletemplatedata.xml file deleted.
[2cc4:000a][2022-08-22T15:30:05] Processing file /Contents/Common7/IDE/ItemTemplates/CloudService/NETFramework4/Web Role/Visual Basic/3082/WebRoleWcf_vb40/WcfWebRole.vstemplate
[2cc4:000a][2022-08-22T15:30:05] C:\Program Files\Microsoft Visual Studio\2022\Community\Common7\IDE\ItemTemplates\CloudService\NETFramework4\Web Role\Visual Basic\3082\WebRoleWcf_vb40\WcfWebRole.vstemplate file deleted.
[2cc4:000a][2022-08-22T15:30:05] Processing file /Contents/Common7/IDE/ItemTemplates/CloudService/NETFramework4/Web Role/Visual Basic/3082/WebRoleWcf_vb40/Web.config
[2cc4:000a][2022-08-22T15:30:05] C:\Program Files\Microsoft Visual Studio\2022\Community\Common7\IDE\ItemTemplates\CloudService\NETFramework4\Web Role\Visual Basic\3082\WebRoleWcf_vb40\Web.config file deleted.
[2cc4:000a][2022-08-22T15:30:05] Processing file /Contents/Common7/IDE/ItemTemplates/CloudService/NETFramework4/Web Role/Visual Basic/3082/WebRoleWcf_vb40/WebRole.vb
[2cc4:000a][2022-08-22T15:30:05] C:\Program Files\Microsoft Visual Studio\2022\Community\Common7\IDE\ItemTemplates\CloudService\NETFramework4\Web Role\Visual Basic\3082\WebRoleWcf_vb40\WebRole.vb file deleted.
[2cc4:000a][2022-08-22T15:30:05] Processing file /Contents/Common7/IDE/ItemTemplates/CloudService/NETFramework4/Worker Role/Visual Basic/3082/WorkerRole_vb40/roletemplatedata.xml
[2cc4:000a][2022-08-22T15:30:05] C:\Program Files\Microsoft Visual Studio\2022\Community\Common7\IDE\ItemTemplates\CloudService\NETFramework4\Worker Role\Visual Basic\3082\WorkerRole_vb40\roletemplatedata.xml file deleted.
[2cc4:000a][2022-08-22T15:30:05] Processing file /Contents/Common7/IDE/ItemTemplates/CloudService/NETFramework4/Worker Role/Visual Basic/3082/WorkerRole_vb40/WorkerRole.vstemplate
[2cc4:000a][2022-08-22T15:30:05] C:\Program Files\Microsoft Visual Studio\2022\Community\Common7\IDE\ItemTemplates\CloudService\NETFramework4\Worker Role\Visual Basic\3082\WorkerRole_vb40\WorkerRole.vstemplate file deleted.
[2cc4:000a][2022-08-22T15:30:05] Processing file /Contents/Common7/IDE/ItemTemplates/CloudService/NETFramework4/Worker Role/Visual Basic/3082/WorkerRole_vb40/WorkerRole.vb
[2cc4:000a][2022-08-22T15:30:05] C:\Program Files\Microsoft Visual Studio\2022\Community\Common7\IDE\ItemTemplates\CloudService\NETFramework4\Worker Role\Visual Basic\3082\WorkerRole_vb40\WorkerRole.vb file deleted.
[2cc4:000a][2022-08-22T15:30:05] Processing file /Contents/Common7/IDE/ItemTemplates/CloudService/NETFramework4/Worker Role/Visual Basic/3082/WorkerRole_vb40/workerrole_vb.ico
[2cc4:000a][2022-08-22T15:30:05] C:\Program Files\Microsoft Visual Studio\2022\Community\Common7\IDE\ItemTemplates\CloudService\NETFramework4\Worker Role\Visual Basic\3082\WorkerRole_vb40\workerrole_vb.ico file deleted.
[2cc4:000a][2022-08-22T15:30:05] Processing file /Contents/Common7/IDE/ItemTemplates/CloudService/NETFramework4/Worker Role/Visual C#/3082/WorkerRole_cs40/roletemplatedata.xml
[2cc4:000a][2022-08-22T15:30:05] C:\Program Files\Microsoft Visual Studio\2022\Community\Common7\IDE\ItemTemplates\CloudService\NETFramework4\Worker Role\Visual C#\3082\WorkerRole_cs40\roletemplatedata.xml file deleted.
[2cc4:000a][2022-08-22T15:30:05] Processing file /Contents/Common7/IDE/ItemTemplates/CloudService/NETFramework4/Worker Role/Visual C#/3082/WorkerRole_cs40/WorkerRole.vstemplate
[2cc4:000a][2022-08-22T15:30:05] C:\Program Files\Microsoft Visual Studio\2022\Community\Common7\IDE\ItemTemplates\CloudService\NETFramework4\Worker Role\Visual C#\3082\WorkerRole_cs40\WorkerRole.vstemplate file deleted.
[2cc4:000a][2022-08-22T15:30:05] Processing file /Contents/Common7/IDE/ItemTemplates/CloudService/NETFramework4/Worker Role/Visual C#/3082/WorkerRole_cs40/WorkerRole.cs
[2cc4:000a][2022-08-22T15:30:05] C:\Program Files\Microsoft Visual Studio\2022\Community\Common7\IDE\ItemTemplates\CloudService\NETFramework4\Worker Role\Visual C#\3082\WorkerRole_cs40\WorkerRole.cs file deleted.
[2cc4:000a][2022-08-22T15:30:05] Processing file /Contents/Common7/IDE/ItemTemplates/CloudService/NETFramework4/Worker Role/Visual C#/3082/WorkerRole_cs40/workerrole_cs.ico
[2cc4:000a][2022-08-22T15:30:05] C:\Program Files\Microsoft Visual Studio\2022\Community\Common7\IDE\ItemTemplates\CloudService\NETFramework4\Worker Role\Visual C#\3082\WorkerRole_cs40\workerrole_cs.ico file deleted.
[2cc4:000a][2022-08-22T15:30:05] Processing file /contents/Common7/IDE/ItemTemplates/Microsoft.VisualStudio.Azure.Waverton.Projects.Resources.es-ES.Item..vstman
[2cc4:000a][2022-08-22T15:30:05] C:\Program Files\Microsoft Visual Studio\2022\Community\Common7\IDE\ItemTemplates\Microsoft.VisualStudio.Azure.Waverton.Projects.Resources.es-ES.Item..vstman file deleted.
[2cc4:000a][2022-08-22T15:30:05] Processing file /contents/Common7/IDE/ProjectTemplates/Microsoft.VisualStudio.Azure.Waverton.Projects.Resources.es-ES.Project..vstman
[2cc4:000a][2022-08-22T15:30:05] C:\Program Files\Microsoft Visual Studio\2022\Community\Common7\IDE\ProjectTemplates\Microsoft.VisualStudio.Azure.Waverton.Projects.Resources.es-ES.Project..vstman file deleted.
[2cc4:000a][2022-08-22T15:30:05] Started: Deleting empty directories
[2cc4:000a][2022-08-22T15:30:06] Completed: Deleting empty directories
[2cc4:000a][2022-08-22T15:30:06] Package executed successfully. Return code: 0
